\BOOKMARK [-1][]{thuchapter.1.-1}{\376\377\227\142\124\021\117\116\215\050\221\317\145\160\143\156\116\016\215\104\156\220\123\327\226\120\127\072\146\157\166\204\122\006\122\162\000-\200\124\220\246\133\146\116\140\123\117\124\014\117\030\123\026\170\024\172\166}{}% 1
\BOOKMARK [0][]{thuchapter.2.0}{\376\377\133\146\117\115\213\272\145\207\121\154\137\000\213\304\226\005\116\272\124\214\173\124\217\251\131\324\124\130\117\032\124\015\123\125}{thuchapter.1.-1}% 2
\BOOKMARK [0][]{section*.9}{\376\377\144\130\211\201}{thuchapter.1.-1}% 3
\BOOKMARK [0][]{section*.11}{\376\377\000A\000b\000s\000t\000r\000a\000c\000t}{thuchapter.1.-1}% 4
\BOOKMARK [0][]{thuchapter.3.0}{\376\377\166\356\137\125}{thuchapter.1.-1}% 5
\BOOKMARK [0][]{section*.15}{\376\377\173\046\123\367\124\214\177\051\165\145\213\355\213\364\146\016}{thuchapter.1.-1}% 6
\BOOKMARK [0][]{chapter.1}{\376\377\173\054\0001\172\340\000\040\213\272\145\207\116\073\211\201\220\350\122\006\166\204\121\231\154\325}{thuchapter.1.-1}% 7
\BOOKMARK [1][-]{section.1.1}{\376\377\0001\000.\0001\000\040\213\272\145\207\166\204\213\355\212\000\123\312\210\150\217\360}{chapter.1}% 8
\BOOKMARK [1][-]{section.1.2}{\376\377\0001\000.\0002\000\040\213\272\145\207\230\230\166\356\166\204\121\231\154\325}{chapter.1}% 9
\BOOKMARK [1][-]{section.1.3}{\376\377\0001\000.\0003\000\040\144\130\211\201\166\204\121\231\154\325}{chapter.1}% 10
\BOOKMARK [1][-]{section.1.4}{\376\377\0001\000.\0004\000\040\137\025\212\000\166\204\121\231\154\325}{chapter.1}% 11
\BOOKMARK [1][-]{section.1.5}{\376\377\0001\000.\0005\000\040\153\143\145\207\166\204\121\231\154\325}{chapter.1}% 12
\BOOKMARK [1][-]{section.1.6}{\376\377\0001\000.\0006\000\040\176\323\213\272\166\204\121\231\154\325}{chapter.1}% 13
\BOOKMARK [0][]{chapter.2}{\376\377\173\054\0002\172\340\000\040\126\376\210\150\171\072\117\213}{thuchapter.1.-1}% 14
\BOOKMARK [1][-]{section.2.1}{\376\377\0002\000.\0001\000\040\143\322\126\376}{chapter.2}% 15
\BOOKMARK [1][-]{section.2.2}{\376\377\0002\000.\0002\000\040\210\150\150\074}{chapter.2}% 16
\BOOKMARK [1][-]{section.2.3}{\376\377\0002\000.\0003\000\040\156\220\116\343\170\001}{chapter.2}% 17
\BOOKMARK [1][-]{section.2.4}{\376\377\0002\000.\0004\000\040\117\052\116\343\170\001}{chapter.2}% 18
\BOOKMARK [1][-]{section.2.5}{\376\377\0002\000.\0005\000\040\155\113\213\325}{chapter.2}% 19
\BOOKMARK [0][]{chapter.3}{\376\377\173\054\0003\172\340\000\040\137\025\165\050\145\207\163\056\166\204\150\007\154\350}{thuchapter.1.-1}% 20
\BOOKMARK [1][-]{section.3.1}{\376\377\0003\000.\0001\000\040\230\172\136\217\177\026\170\001\122\066}{chapter.3}% 21
\BOOKMARK [2][-]{subsection.3.1.1}{\376\377\0003\000.\0001\000.\0001\000\040\145\057\143\001\116\011\176\247\166\356\137\125\146\076\171\072}{section.3.1}% 22
\BOOKMARK [2][-]{subsection.3.1.2}{\376\377\0003\000.\0001\000.\0002\000\040\147\141\166\356\211\201\154\102}{section.3.1}% 23
\BOOKMARK [3][-]{subsubsection.3.1.2.1}{\376\377\0003\000.\0001\000.\0002\000.\0001\000\040\147\141\166\356\155\113\213\325}{subsection.3.1.2}% 24
\BOOKMARK [0][]{chapter.4}{\376\377\173\054\0004\172\340\000\040\000E\000n\000g\000l\000i\000s\000h\000\040\000a\000n\000d\000\040\000l\000o\000w\000e\000r\000-\000c\000a\000s\000e\000\040\000E\000x\000a\000m\000p\000l\000e}{thuchapter.1.-1}% 25
\BOOKMARK [1][-]{section.4.1}{\376\377\0004\000.\0001\000\040\000R\000e\000f\000e\000r\000e\000n\000c\000e\000\040\000g\000u\000i\000d\000e}{chapter.4}% 26
\BOOKMARK [0][]{section*.28}{\376\377\176\323\213\272}{thuchapter.1.-1}% 27
\BOOKMARK [0][]{appendix.A}{\376\377\226\104\137\125\000\040\000A\000\040\210\145\121\105\121\205\133\271}{thuchapter.1.-1}% 28
\BOOKMARK [1][-]{section.A.1}{\376\377\000A\000.\0001\000\040\126\376\210\150\171\072\117\213}{appendix.A}% 29
\BOOKMARK [2][-]{subsection.A.1.1}{\376\377\000A\000.\0001\000.\0001\000\040\126\376}{section.A.1}% 30
\BOOKMARK [2][-]{subsection.A.1.2}{\376\377\000A\000.\0001\000.\0002\000\040\210\150\150\074}{section.A.1}% 31
\BOOKMARK [1][-]{section.A.2}{\376\377\000A\000.\0002\000\040\145\160\133\146\121\154\137\017}{appendix.A}% 32
\BOOKMARK [1][-]{section.A.3}{\376\377\000A\000.\0003\000\040\156\220\116\343\170\001}{appendix.A}% 33
\BOOKMARK [1][-]{section.A.4}{\376\377\000A\000.\0004\000\040\117\052\116\343\170\001}{appendix.A}% 34
\BOOKMARK [0][]{section*.33}{\376\377\201\364\214\042}{thuchapter.1.-1}% 35
\BOOKMARK [0][]{section*.35}{\376\377\116\052\116\272\173\200\123\206\060\001\127\050\133\146\147\037\225\364\133\214\142\020\166\204\166\370\121\163\133\146\147\057\142\020\147\234}{thuchapter.1.-1}% 36
