This is XeTeX, Version 3.141592653-2.6-0.999996 (TeX Live 2024) (preloaded format=xelatex 2024.10.18)  17 MAR 2026 17:22
entering extended mode
 restricted \write18 enabled.
 file:line:error style messages enabled.
 %&-line parsing enabled.
**d:/Project/latex/Graduate-Paper/tg
(d:/Project/latex/Graduate-Paper/tg.tex
LaTeX2e <2024-06-01> patch level 2
L3 programming layer <2024-09-10>
(./sustechthesis.cls
Document Class: sustechthesis 2022/09/07 1.3.18 Southern University of Science and Technology Thesis Template
(d:/software/texlive/texlive/2024/texmf-dist/tex/generic/iftex/iftex.sty
Package: iftex 2022/02/03 v1.0f TeX engine tests
) (d:/software/texlive/texlive/2024/texmf-dist/tex/generic/kvdefinekeys/kvdefinekeys.sty
Package: kvdefinekeys 2019-12-19 v1.6 Define keys (HO)
) (d:/software/texlive/texlive/2024/texmf-dist/tex/latex/kvsetkeys/kvsetkeys.sty
Package: kvsetkeys 2022-10-05 v1.19 Key value parser (HO)
) (d:/software/texlive/texlive/2024/texmf-dist/tex/latex/kvoptions/kvoptions.sty
Package: kvoptions 2022-06-15 v3.15 Key value format for package options (HO)
 (d:/software/texlive/texlive/2024/texmf-dist/tex/latex/graphics/keyval.sty
Package: keyval 2022/05/29 v1.15 key=value parser (DPC)
\KV@toks@=\toks17
) (d:/software/texlive/texlive/2024/texmf-dist/tex/generic/ltxcmds/ltxcmds.sty
Package: ltxcmds 2023-12-04 v1.26 LaTeX kernel commands for general use (HO)
)) (d:/software/texlive/texlive/2024/texmf-dist/tex/latex/ctex/ctexbook.cls (d:/software/texlive/texlive/2024/texmf-dist/tex/latex/ctex/config/ctexbackend.cfg
File: ctexbackend.cfg 2022/07/14 v2.5.10 Backend configuration file (CTEX)
) (d:/software/texlive/texlive/2024/texmf-dist/tex/latex/l3kernel/expl3.sty
Package: expl3 2024-09-10 L3 programming layer (loader) 
 (d:/software/texlive/texlive/2024/texmf-dist/tex/latex/l3backend/l3backend-xetex.def
File: l3backend-xetex.def 2024-05-08 L3 backend support: XeTeX
\g__graphics_track_int=\count190
\l__pdf_internal_box=\box52
\g__pdf_backend_annotation_int=\count191
\g__pdf_backend_link_int=\count192
))
Document Class: ctexbook 2022/07/14 v2.5.10 Chinese adapter for class book (CTEX)
(d:/software/texlive/texlive/2024/texmf-dist/tex/latex/ctex/ctexhook.sty
Package: ctexhook 2022/07/14 v2.5.10 Document and package hooks (CTEX)
) (d:/software/texlive/texlive/2024/texmf-dist/tex/latex/ctex/ctexpatch.sty
Package: ctexpatch 2022/07/14 v2.5.10 Patching commands (CTEX)
) (d:/software/texlive/texlive/2024/texmf-dist/tex/latex/base/fix-cm.sty
Package: fix-cm 2020/11/24 v1.1t fixes to LaTeX
 (d:/software/texlive/texlive/2024/texmf-dist/tex/latex/base/ts1enc.def
File: ts1enc.def 2001/06/05 v3.0e (jk/car/fm) Standard LaTeX file
LaTeX Font Info:    Redeclaring font encoding TS1 on input line 47.
))
\l__ctex_tmp_int=\count193
\l__ctex_tmp_box=\box53
\l__ctex_tmp_dim=\dimen141
\g__ctex_section_depth_int=\count194
\g__ctex_font_size_int=\count195
 (d:/software/texlive/texlive/2024/texmf-dist/tex/latex/ctex/config/ctexopts.cfg
File: ctexopts.cfg 2022/07/14 v2.5.10 Option configuration file (CTEX)
) (d:/software/texlive/texlive/2024/texmf-dist/tex/latex/base/book.cls
Document Class: book 2024/02/08 v1.4n Standard LaTeX document class
(d:/software/texlive/texlive/2024/texmf-dist/tex/latex/base/bk12.clo
File: bk12.clo 2024/02/08 v1.4n Standard LaTeX file (size option)
)
\c@part=\count196
\c@chapter=\count197
\c@section=\count198
\c@subsection=\count199
\c@subsubsection=\count266
\c@paragraph=\count267
\c@subparagraph=\count268
\c@figure=\count269
\c@table=\count270
\abovecaptionskip=\skip49
\belowcaptionskip=\skip50
\bibindent=\dimen142
) (d:/software/texlive/texlive/2024/texmf-dist/tex/latex/ctex/engine/ctex-engine-xetex.def
File: ctex-engine-xetex.def 2022/07/14 v2.5.10 XeLaTeX adapter (CTEX)
 (d:/software/texlive/texlive/2024/texmf-dist/tex/xelatex/xecjk/xeCJK.sty
Package: xeCJK 2022/08/05 v3.9.1 Typesetting CJK scripts with XeLaTeX
 (d:/software/texlive/texlive/2024/texmf-dist/tex/latex/l3packages/xtemplate/xtemplate.sty
Package: xtemplate 2024-08-16 L3 Experimental prototype document functions
)
\l__xeCJK_tmp_int=\count271
\l__xeCJK_tmp_box=\box54
\l__xeCJK_tmp_dim=\dimen143
\l__xeCJK_tmp_skip=\skip51
\g__xeCJK_space_factor_int=\count272
\l__xeCJK_begin_int=\count273
\l__xeCJK_end_int=\count274
\c__xeCJK_CJK_class_int=\XeTeXcharclass1
\c__xeCJK_FullLeft_class_int=\XeTeXcharclass2
\c__xeCJK_FullRight_class_int=\XeTeXcharclass3
\c__xeCJK_HalfLeft_class_int=\XeTeXcharclass4
\c__xeCJK_HalfRight_class_int=\XeTeXcharclass5
\c__xeCJK_NormalSpace_class_int=\XeTeXcharclass6
\c__xeCJK_CM_class_int=\XeTeXcharclass7
\c__xeCJK_HangulJamo_class_int=\XeTeXcharclass8
\l__xeCJK_last_skip=\skip52
\c__xeCJK_none_node=\count275
\g__xeCJK_node_int=\count276
\c__xeCJK_CJK_node_dim=\dimen144
\c__xeCJK_CJK-space_node_dim=\dimen145
\c__xeCJK_default_node_dim=\dimen146
\c__xeCJK_CJK-widow_node_dim=\dimen147
\c__xeCJK_normalspace_node_dim=\dimen148
\c__xeCJK_default-space_node_skip=\skip53
\l__xeCJK_ccglue_skip=\skip54
\l__xeCJK_ecglue_skip=\skip55
\l__xeCJK_punct_kern_skip=\skip56
\l__xeCJK_indent_box=\box55
\l__xeCJK_last_penalty_int=\count277
\l__xeCJK_last_bound_dim=\dimen149
\l__xeCJK_last_kern_dim=\dimen150
\l__xeCJK_widow_penalty_int=\count278

LaTeX template Info: Declaring template type 'xeCJK/punctuation' taking 0
(template)           argument(s) on line 2396.

\l__xeCJK_fixed_punct_width_dim=\dimen151
\l__xeCJK_mixed_punct_width_dim=\dimen152
\l__xeCJK_middle_punct_width_dim=\dimen153
\l__xeCJK_fixed_margin_width_dim=\dimen154
\l__xeCJK_mixed_margin_width_dim=\dimen155
\l__xeCJK_middle_margin_width_dim=\dimen156
\l__xeCJK_bound_punct_width_dim=\dimen157
\l__xeCJK_bound_margin_width_dim=\dimen158
\l__xeCJK_margin_minimum_dim=\dimen159
\l__xeCJK_kerning_total_width_dim=\dimen160
\l__xeCJK_same_align_margin_dim=\dimen161
\l__xeCJK_different_align_margin_dim=\dimen162
\l__xeCJK_kerning_margin_width_dim=\dimen163
\l__xeCJK_kerning_margin_minimum_dim=\dimen164
\l__xeCJK_bound_dim=\dimen165
\l__xeCJK_reverse_bound_dim=\dimen166
\l__xeCJK_margin_dim=\dimen167
\l__xeCJK_minimum_bound_dim=\dimen168
\l__xeCJK_kerning_margin_dim=\dimen169
\g__xeCJK_family_int=\count279
\l__xeCJK_fam_int=\count280
\g__xeCJK_fam_allocation_int=\count281
\l__xeCJK_verb_case_int=\count282
\l__xeCJK_verb_exspace_skip=\skip57
 (d:/software/texlive/texlive/2024/texmf-dist/tex/latex/fontspec/fontspec.sty (d:/software/texlive/texlive/2024/texmf-dist/tex/latex/l3packages/xparse/xparse.sty
Package: xparse 2024-08-16 L3 Experimental document command parser
)
Package: fontspec 2024/05/11 v2.9e Font selection for XeLaTeX and LuaLaTeX
 (d:/software/texlive/texlive/2024/texmf-dist/tex/latex/fontspec/fontspec-xetex.sty
Package: fontspec-xetex 2024/05/11 v2.9e Font selection for XeLaTeX and LuaLaTeX
\l__fontspec_script_int=\count283
\l__fontspec_language_int=\count284
\l__fontspec_strnum_int=\count285
\l__fontspec_tmp_int=\count286
\l__fontspec_tmpa_int=\count287
\l__fontspec_tmpb_int=\count288
\l__fontspec_tmpc_int=\count289
\l__fontspec_em_int=\count290
\l__fontspec_emdef_int=\count291
\l__fontspec_strong_int=\count292
\l__fontspec_strongdef_int=\count293
\l__fontspec_tmpa_dim=\dimen170
\l__fontspec_tmpb_dim=\dimen171
\l__fontspec_tmpc_dim=\dimen172
 (d:/software/texlive/texlive/2024/texmf-dist/tex/latex/base/fontenc.sty
Package: fontenc 2021/04/29 v2.0v Standard LaTeX package
) (d:/software/texlive/texlive/2024/texmf-dist/tex/latex/fontspec/fontspec.cfg))) (d:/software/texlive/texlive/2024/texmf-dist/tex/xelatex/xecjk/xeCJK.cfg
File: xeCJK.cfg 2022/08/05 v3.9.1 Configuration file for xeCJK package
))
\ccwd=\dimen173
\l__ctex_ccglue_skip=\skip58
)
\l__ctex_ziju_dim=\dimen174
 (d:/software/texlive/texlive/2024/texmf-dist/tex/latex/zhnumber/zhnumber.sty
Package: zhnumber 2022/07/14 v3.0 Typesetting numbers with Chinese glyphs
\l__zhnum_scale_int=\count294
\l__zhnum_tmp_int=\count295
 (d:/software/texlive/texlive/2024/texmf-dist/tex/latex/zhnumber/zhnumber-utf8.cfg
File: zhnumber-utf8.cfg 2022/07/14 v3.0 Chinese numerals with UTF8 encoding
))
\l__ctex_heading_skip=\skip59
 (d:/software/texlive/texlive/2024/texmf-dist/tex/latex/ctex/scheme/ctex-scheme-plain-book.def
File: ctex-scheme-plain-book.def 2022/07/14 v2.5.10 Plain scheme for book (CTEX)
) (d:/software/texlive/texlive/2024/texmf-dist/tex/latex/ctex/ctex-cs4size.clo
File: ctex-cs4size.clo 2022/07/14 v2.5.10 cs4size option (CTEX)
)) (d:/software/texlive/texlive/2024/texmf-dist/tex/latex/ctex/config/ctex.cfg
File: ctex.cfg 2022/07/14 v2.5.10 Configuration file (CTEX)
) (d:/software/texlive/texlive/2024/texmf-dist/tex/latex/etoolbox/etoolbox.sty
Package: etoolbox 2020/10/05 v2.5k e-TeX tools for LaTeX (JAW)
\etb@tempcnta=\count296
) (d:/software/texlive/texlive/2024/texmf-dist/tex/latex/filehook/filehook.sty
Package: filehook 2022/10/25 v0.8b Hooks for input files
 (d:/software/texlive/texlive/2024/texmf-dist/tex/latex/filehook/filehook-2020.sty
Package: filehook-2020 2022/10/25 v0.8b Hooks for input files
)) (d:/software/texlive/texlive/2024/texmf-dist/tex/latex/textcase/textcase.sty
Package: textcase 2023/07/27 v1.04 Text only upper/lower case changing (DPC)
Package textcase Info: Defining Legacy names on input line 20.
) (d:/software/texlive/texlive/2024/texmf-dist/tex/latex/geometry/geometry.sty
Package: geometry 2020/01/02 v5.9 Page Geometry
 (d:/software/texlive/texlive/2024/texmf-dist/tex/generic/iftex/ifvtex.sty
Package: ifvtex 2019/10/25 v1.7 ifvtex legacy package. Use iftex instead.
)
\Gm@cnth=\count297
\Gm@cntv=\count298
\c@Gm@tempcnt=\count299
\Gm@bindingoffset=\dimen175
\Gm@wd@mp=\dimen176
\Gm@odd@mp=\dimen177
\Gm@even@mp=\dimen178
\Gm@layoutwidth=\dimen179
\Gm@layoutheight=\dimen180
\Gm@layouthoffset=\dimen181
\Gm@layoutvoffset=\dimen182
\Gm@dimlist=\toks18
) (d:/software/texlive/texlive/2024/texmf-dist/tex/latex/fancyhdr/fancyhdr.sty
Package: fancyhdr 2024/07/23 v4.3.1 Extensive control of page headers and footers
\f@nch@headwidth=\skip60
\f@nch@O@elh=\skip61
\f@nch@O@erh=\skip62
\f@nch@O@olh=\skip63
\f@nch@O@orh=\skip64
\f@nch@O@elf=\skip65
\f@nch@O@erf=\skip66
\f@nch@O@olf=\skip67
\f@nch@O@orf=\skip68
) (d:/software/texlive/texlive/2024/texmf-dist/tex/latex/titlesec/titletoc.sty
Package: titletoc 2023/10/27 v2.16 TOC entries
\ttl@leftsep=\dimen183
) (d:/software/texlive/texlive/2024/texmf-dist/tex/latex/notoccite/notoccite.sty
Package: notoccite 2000/07/20
) (d:/software/texlive/texlive/2024/texmf-dist/tex/latex/amsmath/amsmath.sty
Package: amsmath 2024/05/23 v2.17q AMS math features
\@mathmargin=\skip69

For additional information on amsmath, use the `?' option.
(d:/software/texlive/texlive/2024/texmf-dist/tex/latex/amsmath/amstext.sty
Package: amstext 2021/08/26 v2.01 AMS text
 (d:/software/texlive/texlive/2024/texmf-dist/tex/latex/amsmath/amsgen.sty
File: amsgen.sty 1999/11/30 v2.0 generic functions
\@emptytoks=\toks19
\ex@=\dimen184
)) (d:/software/texlive/texlive/2024/texmf-dist/tex/latex/amsmath/amsbsy.sty
Package: amsbsy 1999/11/29 v1.2d Bold Symbols
\pmbraise@=\dimen185
) (d:/software/texlive/texlive/2024/texmf-dist/tex/latex/amsmath/amsopn.sty
Package: amsopn 2022/04/08 v2.04 operator names
)
\inf@bad=\count300
LaTeX Info: Redefining \frac on input line 233.
\uproot@=\count301
\leftroot@=\count302
LaTeX Info: Redefining \overline on input line 398.
LaTeX Info: Redefining \colon on input line 409.
\classnum@=\count303
\DOTSCASE@=\count304
LaTeX Info: Redefining \ldots on input line 495.
LaTeX Info: Redefining \dots on input line 498.
LaTeX Info: Redefining \cdots on input line 619.
\Mathstrutbox@=\box56
\strutbox@=\box57
LaTeX Info: Redefining \big on input line 721.
LaTeX Info: Redefining \Big on input line 722.
LaTeX Info: Redefining \bigg on input line 723.
LaTeX Info: Redefining \Bigg on input line 724.
\big@size=\dimen186
LaTeX Font Info:    Redeclaring font encoding OML on input line 742.
LaTeX Font Info:    Redeclaring font encoding OMS on input line 743.
\macc@depth=\count305
LaTeX Info: Redefining \bmod on input line 904.
LaTeX Info: Redefining \pmod on input line 909.
LaTeX Info: Redefining \smash on input line 939.
LaTeX Info: Redefining \relbar on input line 969.
LaTeX Info: Redefining \Relbar on input line 970.
\c@MaxMatrixCols=\count306
\dotsspace@=\muskip17
\c@parentequation=\count307
\dspbrk@lvl=\count308
\tag@help=\toks20
\row@=\count309
\column@=\count310
\maxfields@=\count311
\andhelp@=\toks21
\eqnshift@=\dimen187
\alignsep@=\dimen188
\tagshift@=\dimen189
\tagwidth@=\dimen190
\totwidth@=\dimen191
\lineht@=\dimen192
\@envbody=\toks22
\multlinegap=\skip70
\multlinetaggap=\skip71
\mathdisplay@stack=\toks23
LaTeX Info: Redefining \[ on input line 2953.
LaTeX Info: Redefining \] on input line 2954.
) (d:/software/texlive/texlive/2024/texmf-dist/tex/latex/unicode-math/unicode-math.sty
Package: unicode-math 2023/08/13 v0.8r Unicode maths in XeLaTeX and LuaLaTeX
 (d:/software/texlive/texlive/2024/texmf-dist/tex/latex/unicode-math/unicode-math-xetex.sty
Package: unicode-math-xetex 2023/08/13 v0.8r Unicode maths in XeLaTeX and LuaLaTeX
 (d:/software/texlive/texlive/2024/texmf-dist/tex/latex/l3packages/l3keys2e/l3keys2e.sty
Package: l3keys2e 2024-08-16 LaTeX2e option processing using LaTeX3 keys
)
\g__um_fam_int=\count312
\g__um_fonts_used_int=\count313
\l__um_primecount_int=\count314
\g__um_primekern_muskip=\muskip18
 (d:/software/texlive/texlive/2024/texmf-dist/tex/latex/unicode-math/unicode-math-table.tex))) (d:/software/texlive/texlive/2024/texmf-dist/tex/latex/graphics/graphicx.sty
Package: graphicx 2021/09/16 v1.2d Enhanced LaTeX Graphics (DPC,SPQR)
 (d:/software/texlive/texlive/2024/texmf-dist/tex/latex/graphics/graphics.sty
Package: graphics 2024/05/23 v1.4g Standard LaTeX Graphics (DPC,SPQR)
 (d:/software/texlive/texlive/2024/texmf-dist/tex/latex/graphics/trig.sty
Package: trig 2023/12/02 v1.11 sin cos tan (DPC)
) (d:/software/texlive/texlive/2024/texmf-dist/tex/latex/graphics-cfg/graphics.cfg
File: graphics.cfg 2016/06/04 v1.11 sample graphics configuration
)
Package graphics Info: Driver file: xetex.def on input line 106.
 (d:/software/texlive/texlive/2024/texmf-dist/tex/latex/graphics-def/xetex.def
File: xetex.def 2022/09/22 v5.0n Graphics/color driver for xetex
))
\Gin@req@height=\dimen193
\Gin@req@width=\dimen194
) (d:/software/texlive/texlive/2024/texmf-dist/tex/latex/caption/subcaption.sty
Package: subcaption 2023/07/28 v1.6b Sub-captions (AR)
 (d:/software/texlive/texlive/2024/texmf-dist/tex/latex/caption/caption.sty
Package: caption 2023/08/05 v3.6o Customizing captions (AR)
 (d:/software/texlive/texlive/2024/texmf-dist/tex/latex/caption/caption3.sty
Package: caption3 2023/07/31 v2.4d caption3 kernel (AR)
\caption@tempdima=\dimen195
\captionmargin=\dimen196
\caption@leftmargin=\dimen197
\caption@rightmargin=\dimen198
\caption@width=\dimen199
\caption@indent=\dimen256
\caption@parindent=\dimen257
\caption@hangindent=\dimen258
Package caption Info: Standard document class detected.
)
\c@caption@flags=\count315
\c@continuedfloat=\count316
)
Package caption Info: New subtype `subfigure' on input line 238.
\c@subfigure=\count317
Package caption Info: New subtype `subtable' on input line 238.
\c@subtable=\count318
) (d:/software/texlive/texlive/2024/texmf-dist/tex/latex/pdfpages/pdfpages.sty
Package: pdfpages 2024/08/20 v0.6b Insert pages of external PDF documents (AM)
 (d:/software/texlive/texlive/2024/texmf-dist/tex/latex/base/ifthen.sty
Package: ifthen 2024/03/16 v1.1e Standard LaTeX ifthen package (DPC)
) (d:/software/texlive/texlive/2024/texmf-dist/tex/latex/tools/calc.sty
Package: calc 2023/07/08 v4.3 Infix arithmetic (KKT,FJ)
\calc@Acount=\count319
\calc@Bcount=\count320
\calc@Adimen=\dimen259
\calc@Bdimen=\dimen260
\calc@Askip=\skip72
\calc@Bskip=\skip73
LaTeX Info: Redefining \setlength on input line 80.
LaTeX Info: Redefining \addtolength on input line 81.
\calc@Ccount=\count321
\calc@Cskip=\skip74
) (d:/software/texlive/texlive/2024/texmf-dist/tex/latex/eso-pic/eso-pic.sty
Package: eso-pic 2023/05/03 v3.0c eso-pic (RN)
\ESO@tempdima=\dimen261
\ESO@tempdimb=\dimen262
 (d:/software/texlive/texlive/2024/texmf-dist/tex/latex/xcolor/xcolor.sty
Package: xcolor 2024/09/29 v3.02 LaTeX color extensions (UK)
 (d:/software/texlive/texlive/2024/texmf-dist/tex/latex/graphics-cfg/color.cfg
File: color.cfg 2016/01/02 v1.6 sample color configuration
)
Package xcolor Info: Driver file: xetex.def on input line 274.
 (d:/software/texlive/texlive/2024/texmf-dist/tex/latex/graphics/mathcolor.ltx)
Package xcolor Info: Model `cmy' substituted by `cmy0' on input line 1349.
Package xcolor Info: Model `RGB' extended on input line 1365.
Package xcolor Info: Model `HTML' substituted by `rgb' on input line 1367.
Package xcolor Info: Model `Hsb' substituted by `hsb' on input line 1368.
Package xcolor Info: Model `tHsb' substituted by `hsb' on input line 1369.
Package xcolor Info: Model `HSB' substituted by `hsb' on input line 1370.
Package xcolor Info: Model `Gray' substituted by `gray' on input line 1371.
Package xcolor Info: Model `wave' substituted by `hsb' on input line 1372.
))
\AM@pagewidth=\dimen263
\AM@pageheight=\dimen264
\AM@fboxrule=\dimen265
 (d:/software/texlive/texlive/2024/texmf-dist/tex/latex/pdfpages/ppxetex.def
File: ppxetex.def 2024/08/20 v0.6b Pdfpages driver for XeTeX (AM)
)
\pdfpages@includegraphics@status=\count322
\AM@pagebox=\box58
\AM@global@opts=\toks24
\AM@pagecnt=\count323
\AM@toc@title=\toks25
\AM@lof@heading=\toks26
\c@AM@survey=\count324
\AM@templatesizebox=\box59
) (d:/software/texlive/texlive/2024/texmf-dist/tex/latex/enumitem/enumitem.sty
Package: enumitem 2019/06/20 v3.9 Customized lists
\labelindent=\skip75
\enit@outerparindent=\dimen266
\enit@toks=\toks27
\enit@inbox=\box60
\enit@count@id=\count325
\enitdp@description=\count326
) (d:/software/texlive/texlive/2024/texmf-dist/tex/latex/environ/environ.sty
Package: environ 2014/05/04 v0.3 A new way to define environments
 (d:/software/texlive/texlive/2024/texmf-dist/tex/latex/trimspaces/trimspaces.sty
Package: trimspaces 2009/09/17 v1.1 Trim spaces around a token list
)) (d:/software/texlive/texlive/2024/texmf-dist/tex/latex/footmisc/footmisc.sty
Package: footmisc 2023/07/05 v6.0f a miscellany of footnote facilities
\FN@temptoken=\toks28
\footnotemargin=\dimen267
\@outputbox@depth=\dimen268
 (d:/software/texlive/texlive/2024/texmf-dist/tex/latex/bigfoot/perpage.sty
Package: perpage 2014/10/25 2.0 Reset/sort counters per page
\c@abspage=\count327
)
\c@pp@a@footnote=\count328
Package footmisc Info: Declaring symbol style bringhurst on input line 696.
Package footmisc Info: Declaring symbol style chicago on input line 704.
Package footmisc Info: Declaring symbol style wiley on input line 713.
Package footmisc Info: Declaring symbol style lamport-robust on input line 724.
Package footmisc Info: Declaring symbol style lamport* on input line 744.
Package footmisc Info: Declaring symbol style lamport*-robust on input line 765.
) (d:/software/texlive/texlive/2024/texmf-dist/tex/xelatex/xecjk/xeCJKfntef.sty
Package: xeCJKfntef 2022/08/05 v3.9.1 xeCJK font effect
 (d:/software/texlive/texlive/2024/texmf-dist/tex/generic/ulem/ulem.sty
\UL@box=\box61
\UL@hyphenbox=\box62
\UL@skip=\skip76
\UL@hook=\toks29
\UL@height=\dimen269
\UL@pe=\count329
\UL@pixel=\dimen270
\ULC@box=\box63
Package: ulem 2019/11/18
\ULdepth=\dimen271
)
\l__xeCJK_space_skip=\skip77
\c__xeCJK_ulem-begin_node_dim=\dimen272
\l__xeCJK_hidden_box=\box64
\l__xeCJK_fntef_box=\box65
\l__xeCJK_under_symbol_box=\box66
\c__xeCJK_filll_skip=\skip78
) (d:/software/texlive/texlive/2024/texmf-dist/tex/generic/soul/soul.sty
Package: soul 2023-06-14 v3.1 Permit use of UTF-8 characters in soul (HO)
 (d:/software/texlive/texlive/2024/texmf-dist/tex/generic/soul/soul-ori.sty
Package: soul-ori 2023-06-14 v3.1 letterspacing/underlining (mf)
\SOUL@word=\toks30
\SOUL@lasttoken=\toks31
\SOUL@syllable=\toks32
\SOUL@cmds=\toks33
\SOUL@buffer=\toks34
\SOUL@token=\toks35
\SOUL@syllgoal=\dimen273
\SOUL@syllwidth=\dimen274
\SOUL@charkern=\dimen275
\SOUL@hyphkern=\dimen276
\SOUL@dimen=\dimen277
\SOUL@dimeni=\dimen278
\SOUL@minus=\count330
\SOUL@comma=\count331
\SOUL@apo=\count332
\SOUL@grave=\count333
\SOUL@spaceskip=\skip79
\SOUL@ttwidth=\dimen279
\SOUL@uldp=\dimen280
\SOUL@ulht=\dimen281
) (d:/software/texlive/texlive/2024/texmf-dist/tex/generic/infwarerr/infwarerr.sty
Package: infwarerr 2019/12/03 v1.5 Providing info/warning/error messages (HO)
) (d:/software/texlive/texlive/2024/texmf-dist/tex/generic/etexcmds/etexcmds.sty
Package: etexcmds 2019/12/15 v1.7 Avoid name clashes with e-TeX commands (HO)
)) (d:/software/texlive/texlive/2024/texmf-dist/tex/latex/tools/array.sty
Package: array 2024/06/14 v2.6d Tabular extension package (FMi)
\col@sep=\dimen282
\ar@mcellbox=\box67
\extrarowheight=\dimen283
\NC@list=\toks36
\extratabsurround=\skip80
\backup@length=\skip81
\ar@cellbox=\box68
) (d:/software/texlive/texlive/2024/texmf-dist/tex/latex/booktabs/booktabs.sty
Package: booktabs 2020/01/12 v1.61803398 Publication quality tables
\heavyrulewidth=\dimen284
\lightrulewidth=\dimen285
\cmidrulewidth=\dimen286
\belowrulesep=\dimen287
\belowbottomsep=\dimen288
\aboverulesep=\dimen289
\abovetopsep=\dimen290
\cmidrulesep=\dimen291
\cmidrulekern=\dimen292
\defaultaddspace=\dimen293
\@cmidla=\count334
\@cmidlb=\count335
\@aboverulesep=\dimen294
\@belowrulesep=\dimen295
\@thisruleclass=\count336
\@lastruleclass=\count337
\@thisrulewidth=\dimen296
) (d:/software/texlive/texlive/2024/texmf-dist/tex/latex/url/url.sty
\Urlmuskip=\muskip19
Package: url 2013/09/16  ver 3.4  Verb mode for urls, etc.
)
LaTeX Font Info:    Overwriting math alphabet `\mathrm' in version `normal'
(Font)                  OT1/cmr/m/n --> TU/TimesNewRoman(1)/m/n on input line 556.
LaTeX Font Info:    Overwriting math alphabet `\mathit' in version `normal'
(Font)                  OT1/cmr/m/it --> TU/TimesNewRoman(1)/m/it on input line 556.
LaTeX Font Info:    Overwriting math alphabet `\mathbf' in version `normal'
(Font)                  OT1/cmr/bx/n --> TU/TimesNewRoman(1)/b/n on input line 556.
LaTeX Font Info:    Overwriting math alphabet `\mathsf' in version `normal'
(Font)                  OT1/cmss/m/n --> TU/Arial(1)/m/n on input line 556.
LaTeX Font Info:    Overwriting math alphabet `\mathsf' in version `bold'
(Font)                  OT1/cmss/bx/n --> TU/Arial(1)/b/n on input line 556.
LaTeX Font Info:    Overwriting math alphabet `\mathtt' in version `normal'
(Font)                  OT1/cmtt/m/n --> TU/CourierNew(1)/m/n on input line 556.
LaTeX Font Info:    Overwriting math alphabet `\mathtt' in version `bold'
(Font)                  OT1/cmtt/m/n --> TU/CourierNew(1)/b/n on input line 556.
LaTeX Info: Command `\normalsize' is already robust on input line 767.
LaTeX Info: Redefining \small on input line 769.
LaTeX Info: Redefining \footnotesize on input line 780.
LaTeX Info: Redefining \scriptsize on input line 791.
LaTeX Info: Redefining \tiny on input line 792.
LaTeX Info: Redefining \large on input line 793.
LaTeX Info: Redefining \Large on input line 794.
LaTeX Info: Redefining \LARGE on input line 795.
LaTeX Info: Redefining \huge on input line 796.
LaTeX Info: Redefining \Huge on input line 797.
 (d:/software/texlive/texlive/2024/texmf-dist/tex/latex/pgf/frontendlayer/tikz.sty (d:/software/texlive/texlive/2024/texmf-dist/tex/latex/pgf/basiclayer/pgf.sty (d:/software/texlive/texlive/2024/texmf-dist/tex/latex/pgf/utilities/pgfrcs.sty (d:/software/texlive/texlive/2024/texmf-dist/tex/generic/pgf/utilities/pgfutil-common.tex
\pgfutil@everybye=\toks37
\pgfutil@tempdima=\dimen297
\pgfutil@tempdimb=\dimen298
) (d:/software/texlive/texlive/2024/texmf-dist/tex/generic/pgf/utilities/pgfutil-latex.def
\pgfutil@abb=\box69
) (d:/software/texlive/texlive/2024/texmf-dist/tex/generic/pgf/utilities/pgfrcs.code.tex (d:/software/texlive/texlive/2024/texmf-dist/tex/generic/pgf/pgf.revision.tex)
Package: pgfrcs 2023-01-15 v3.1.10 (3.1.10)
))
Package: pgf 2023-01-15 v3.1.10 (3.1.10)
 (d:/software/texlive/texlive/2024/texmf-dist/tex/latex/pgf/basiclayer/pgfcore.sty (d:/software/texlive/texlive/2024/texmf-dist/tex/latex/pgf/systemlayer/pgfsys.sty (d:/software/texlive/texlive/2024/texmf-dist/tex/generic/pgf/systemlayer/pgfsys.code.tex
Package: pgfsys 2023-01-15 v3.1.10 (3.1.10)
 (d:/software/texlive/texlive/2024/texmf-dist/tex/generic/pgf/utilities/pgfkeys.code.tex
\pgfkeys@pathtoks=\toks38
\pgfkeys@temptoks=\toks39
 (d:/software/texlive/texlive/2024/texmf-dist/tex/generic/pgf/utilities/pgfkeyslibraryfiltered.code.tex
\pgfkeys@tmptoks=\toks40
))
\pgf@x=\dimen299
\pgf@y=\dimen300
\pgf@xa=\dimen301
\pgf@ya=\dimen302
\pgf@xb=\dimen303
\pgf@yb=\dimen304
\pgf@xc=\dimen305
\pgf@yc=\dimen306
\pgf@xd=\dimen307
\pgf@yd=\dimen308
\w@pgf@writea=\write3
\r@pgf@reada=\read2
\c@pgf@counta=\count338
\c@pgf@countb=\count339
\c@pgf@countc=\count340
\c@pgf@countd=\count341
\t@pgf@toka=\toks41
\t@pgf@tokb=\toks42
\t@pgf@tokc=\toks43
\pgf@sys@id@count=\count342
 (d:/software/texlive/texlive/2024/texmf-dist/tex/generic/pgf/systemlayer/pgf.cfg
File: pgf.cfg 2023-01-15 v3.1.10 (3.1.10)
)
Driver file for pgf: pgfsys-xetex.def
 (d:/software/texlive/texlive/2024/texmf-dist/tex/generic/pgf/systemlayer/pgfsys-xetex.def
File: pgfsys-xetex.def 2023-01-15 v3.1.10 (3.1.10)
 (d:/software/texlive/texlive/2024/texmf-dist/tex/generic/pgf/systemlayer/pgfsys-dvipdfmx.def
File: pgfsys-dvipdfmx.def 2023-01-15 v3.1.10 (3.1.10)
 (d:/software/texlive/texlive/2024/texmf-dist/tex/generic/pgf/systemlayer/pgfsys-common-pdf.def
File: pgfsys-common-pdf.def 2023-01-15 v3.1.10 (3.1.10)
)
\pgfsys@objnum=\count343
))) (d:/software/texlive/texlive/2024/texmf-dist/tex/generic/pgf/systemlayer/pgfsyssoftpath.code.tex
File: pgfsyssoftpath.code.tex 2023-01-15 v3.1.10 (3.1.10)
\pgfsyssoftpath@smallbuffer@items=\count344
\pgfsyssoftpath@bigbuffer@items=\count345
) (d:/software/texlive/texlive/2024/texmf-dist/tex/generic/pgf/systemlayer/pgfsysprotocol.code.tex
File: pgfsysprotocol.code.tex 2023-01-15 v3.1.10 (3.1.10)
)) (d:/software/texlive/texlive/2024/texmf-dist/tex/generic/pgf/basiclayer/pgfcore.code.tex
Package: pgfcore 2023-01-15 v3.1.10 (3.1.10)
 (d:/software/texlive/texlive/2024/texmf-dist/tex/generic/pgf/math/pgfmath.code.tex (d:/software/texlive/texlive/2024/texmf-dist/tex/generic/pgf/math/pgfmathutil.code.tex) (d:/software/texlive/texlive/2024/texmf-dist/tex/generic/pgf/math/pgfmathparser.code.tex
\pgfmath@dimen=\dimen309
\pgfmath@count=\count346
\pgfmath@box=\box70
\pgfmath@toks=\toks44
\pgfmath@stack@operand=\toks45
\pgfmath@stack@operation=\toks46
) (d:/software/texlive/texlive/2024/texmf-dist/tex/generic/pgf/math/pgfmathfunctions.code.tex) (d:/software/texlive/texlive/2024/texmf-dist/tex/generic/pgf/math/pgfmathfunctions.basic.code.tex) (d:/software/texlive/texlive/2024/texmf-dist/tex/generic/pgf/math/pgfmathfunctions.trigonometric.code.tex) (d:/software/texlive/texlive/2024/texmf-dist/tex/generic/pgf/math/pgfmathfunctions.random.code.tex) (d:/software/texlive/texlive/2024/texmf-dist/tex/generic/pgf/math/pgfmathfunctions.comparison.code.tex) (d:/software/texlive/texlive/2024/texmf-dist/tex/generic/pgf/math/pgfmathfunctions.base.code.tex) (d:/software/texlive/texlive/2024/texmf-dist/tex/generic/pgf/math/pgfmathfunctions.round.code.tex) (d:/software/texlive/texlive/2024/texmf-dist/tex/generic/pgf/math/pgfmathfunctions.misc.code.tex) (d:/software/texlive/texlive/2024/texmf-dist/tex/generic/pgf/math/pgfmathfunctions.integerarithmetics.code.tex) (d:/software/texlive/texlive/2024/texmf-dist/tex/generic/pgf/math/pgfmathcalc.code.tex) (d:/software/texlive/texlive/2024/texmf-dist/tex/generic/pgf/math/pgfmathfloat.code.tex
\c@pgfmathroundto@lastzeros=\count347
)) (d:/software/texlive/texlive/2024/texmf-dist/tex/generic/pgf/math/pgfint.code.tex) (d:/software/texlive/texlive/2024/texmf-dist/tex/generic/pgf/basiclayer/pgfcorepoints.code.tex
File: pgfcorepoints.code.tex 2023-01-15 v3.1.10 (3.1.10)
\pgf@picminx=\dimen310
\pgf@picmaxx=\dimen311
\pgf@picminy=\dimen312
\pgf@picmaxy=\dimen313
\pgf@pathminx=\dimen314
\pgf@pathmaxx=\dimen315
\pgf@pathminy=\dimen316
\pgf@pathmaxy=\dimen317
\pgf@xx=\dimen318
\pgf@xy=\dimen319
\pgf@yx=\dimen320
\pgf@yy=\dimen321
\pgf@zx=\dimen322
\pgf@zy=\dimen323
) (d:/software/texlive/texlive/2024/texmf-dist/tex/generic/pgf/basiclayer/pgfcorepathconstruct.code.tex
File: pgfcorepathconstruct.code.tex 2023-01-15 v3.1.10 (3.1.10)
\pgf@path@lastx=\dimen324
\pgf@path@lasty=\dimen325
) (d:/software/texlive/texlive/2024/texmf-dist/tex/generic/pgf/basiclayer/pgfcorepathusage.code.tex
File: pgfcorepathusage.code.tex 2023-01-15 v3.1.10 (3.1.10)
\pgf@shorten@end@additional=\dimen326
\pgf@shorten@start@additional=\dimen327
) (d:/software/texlive/texlive/2024/texmf-dist/tex/generic/pgf/basiclayer/pgfcorescopes.code.tex
File: pgfcorescopes.code.tex 2023-01-15 v3.1.10 (3.1.10)
\pgfpic=\box71
\pgf@hbox=\box72
\pgf@layerbox@main=\box73
\pgf@picture@serial@count=\count348
) (d:/software/texlive/texlive/2024/texmf-dist/tex/generic/pgf/basiclayer/pgfcoregraphicstate.code.tex
File: pgfcoregraphicstate.code.tex 2023-01-15 v3.1.10 (3.1.10)
\pgflinewidth=\dimen328
) (d:/software/texlive/texlive/2024/texmf-dist/tex/generic/pgf/basiclayer/pgfcoretransformations.code.tex
File: pgfcoretransformations.code.tex 2023-01-15 v3.1.10 (3.1.10)
\pgf@pt@x=\dimen329
\pgf@pt@y=\dimen330
\pgf@pt@temp=\dimen331
) (d:/software/texlive/texlive/2024/texmf-dist/tex/generic/pgf/basiclayer/pgfcorequick.code.tex
File: pgfcorequick.code.tex 2023-01-15 v3.1.10 (3.1.10)
) (d:/software/texlive/texlive/2024/texmf-dist/tex/generic/pgf/basiclayer/pgfcoreobjects.code.tex
File: pgfcoreobjects.code.tex 2023-01-15 v3.1.10 (3.1.10)
) (d:/software/texlive/texlive/2024/texmf-dist/tex/generic/pgf/basiclayer/pgfcorepathprocessing.code.tex
File: pgfcorepathprocessing.code.tex 2023-01-15 v3.1.10 (3.1.10)
) (d:/software/texlive/texlive/2024/texmf-dist/tex/generic/pgf/basiclayer/pgfcorearrows.code.tex
File: pgfcorearrows.code.tex 2023-01-15 v3.1.10 (3.1.10)
\pgfarrowsep=\dimen332
) (d:/software/texlive/texlive/2024/texmf-dist/tex/generic/pgf/basiclayer/pgfcoreshade.code.tex
File: pgfcoreshade.code.tex 2023-01-15 v3.1.10 (3.1.10)
\pgf@max=\dimen333
\pgf@sys@shading@range@num=\count349
\pgf@shadingcount=\count350
) (d:/software/texlive/texlive/2024/texmf-dist/tex/generic/pgf/basiclayer/pgfcoreimage.code.tex
File: pgfcoreimage.code.tex 2023-01-15 v3.1.10 (3.1.10)
) (d:/software/texlive/texlive/2024/texmf-dist/tex/generic/pgf/basiclayer/pgfcoreexternal.code.tex
File: pgfcoreexternal.code.tex 2023-01-15 v3.1.10 (3.1.10)
\pgfexternal@startupbox=\box74
) (d:/software/texlive/texlive/2024/texmf-dist/tex/generic/pgf/basiclayer/pgfcorelayers.code.tex
File: pgfcorelayers.code.tex 2023-01-15 v3.1.10 (3.1.10)
) (d:/software/texlive/texlive/2024/texmf-dist/tex/generic/pgf/basiclayer/pgfcoretransparency.code.tex
File: pgfcoretransparency.code.tex 2023-01-15 v3.1.10 (3.1.10)
) (d:/software/texlive/texlive/2024/texmf-dist/tex/generic/pgf/basiclayer/pgfcorepatterns.code.tex
File: pgfcorepatterns.code.tex 2023-01-15 v3.1.10 (3.1.10)
) (d:/software/texlive/texlive/2024/texmf-dist/tex/generic/pgf/basiclayer/pgfcorerdf.code.tex
File: pgfcorerdf.code.tex 2023-01-15 v3.1.10 (3.1.10)
))) (d:/software/texlive/texlive/2024/texmf-dist/tex/generic/pgf/modules/pgfmoduleshapes.code.tex
File: pgfmoduleshapes.code.tex 2023-01-15 v3.1.10 (3.1.10)
\pgfnodeparttextbox=\box75
) (d:/software/texlive/texlive/2024/texmf-dist/tex/generic/pgf/modules/pgfmoduleplot.code.tex
File: pgfmoduleplot.code.tex 2023-01-15 v3.1.10 (3.1.10)
) (d:/software/texlive/texlive/2024/texmf-dist/tex/latex/pgf/compatibility/pgfcomp-version-0-65.sty
Package: pgfcomp-version-0-65 2023-01-15 v3.1.10 (3.1.10)
\pgf@nodesepstart=\dimen334
\pgf@nodesepend=\dimen335
) (d:/software/texlive/texlive/2024/texmf-dist/tex/latex/pgf/compatibility/pgfcomp-version-1-18.sty
Package: pgfcomp-version-1-18 2023-01-15 v3.1.10 (3.1.10)
)) (d:/software/texlive/texlive/2024/texmf-dist/tex/latex/pgf/utilities/pgffor.sty (d:/software/texlive/texlive/2024/texmf-dist/tex/latex/pgf/utilities/pgfkeys.sty (d:/software/texlive/texlive/2024/texmf-dist/tex/generic/pgf/utilities/pgfkeys.code.tex)) (d:/software/texlive/texlive/2024/texmf-dist/tex/latex/pgf/math/pgfmath.sty (d:/software/texlive/texlive/2024/texmf-dist/tex/generic/pgf/math/pgfmath.code.tex)) (d:/software/texlive/texlive/2024/texmf-dist/tex/generic/pgf/utilities/pgffor.code.tex
Package: pgffor 2023-01-15 v3.1.10 (3.1.10)
\pgffor@iter=\dimen336
\pgffor@skip=\dimen337
\pgffor@stack=\toks47
\pgffor@toks=\toks48
)) (d:/software/texlive/texlive/2024/texmf-dist/tex/generic/pgf/frontendlayer/tikz/tikz.code.tex
Package: tikz 2023-01-15 v3.1.10 (3.1.10)
 (d:/software/texlive/texlive/2024/texmf-dist/tex/generic/pgf/libraries/pgflibraryplothandlers.code.tex
File: pgflibraryplothandlers.code.tex 2023-01-15 v3.1.10 (3.1.10)
\pgf@plot@mark@count=\count351
\pgfplotmarksize=\dimen338
)
\tikz@lastx=\dimen339
\tikz@lasty=\dimen340
\tikz@lastxsaved=\dimen341
\tikz@lastysaved=\dimen342
\tikz@lastmovetox=\dimen343
\tikz@lastmovetoy=\dimen344
\tikzleveldistance=\dimen345
\tikzsiblingdistance=\dimen346
\tikz@figbox=\box76
\tikz@figbox@bg=\box77
\tikz@tempbox=\box78
\tikz@tempbox@bg=\box79
\tikztreelevel=\count352
\tikznumberofchildren=\count353
\tikznumberofcurrentchild=\count354
\tikz@fig@count=\count355
 (d:/software/texlive/texlive/2024/texmf-dist/tex/generic/pgf/modules/pgfmodulematrix.code.tex
File: pgfmodulematrix.code.tex 2023-01-15 v3.1.10 (3.1.10)
\pgfmatrixcurrentrow=\count356
\pgfmatrixcurrentcolumn=\count357
\pgf@matrix@numberofcolumns=\count358
)
\tikz@expandcount=\count359
 (d:/software/texlive/texlive/2024/texmf-dist/tex/generic/pgf/frontendlayer/tikz/libraries/tikzlibrarytopaths.code.tex
File: tikzlibrarytopaths.code.tex 2023-01-15 v3.1.10 (3.1.10)
)))
LaTeX Info: Redefining \boldsymbol on input line 1211.
\thu@stretch@box=\box80
\thu@pad@box=\box81
\c@thu@csl@count=\count360
 (d:/software/texlive/texlive/2024/texmf-dist/tex/generic/listofitems/listofitems.sty (d:/software/texlive/texlive/2024/texmf-dist/tex/generic/listofitems/listofitems.tex
\loi_cnt_foreach_nest=\count361
\loi_nestcnt=\count362
)
Package: listofitems 2024/03/09 v1.65 Grab items in lists using user-specified sep char (CT)
)
\enitdp@thu@denotation=\count363
\c@achievementsi=\count364
\enitdp@achievements=\count365
) (./sustech-setup.tex (d:/software/texlive/texlive/2024/texmf-dist/tex/latex/threeparttable/threeparttable.sty
Package: threeparttable 2003/06/13  v 3.0
\@tempboxb=\box82
) (d:/software/texlive/texlive/2024/texmf-dist/tex/latex/multirow/multirow.sty
Package: multirow 2021/03/15 v2.8 Span multiple rows of a table
\multirow@colwidth=\skip82
\multirow@cntb=\count366
\multirow@dima=\skip83
\bigstrutjot=\dimen347
) (d:/software/texlive/texlive/2024/texmf-dist/tex/latex/siunitx/siunitx.sty
Package: siunitx 2024-09-30 v3.3.22 A comprehensive (SI) units package
\l__siunitx_number_uncert_offset_int=\count367
\l__siunitx_number_exponent_fixed_int=\count368
\l__siunitx_number_min_decimal_int=\count369
\l__siunitx_number_min_integer_int=\count370
\l__siunitx_number_round_precision_int=\count371
\l__siunitx_number_lower_threshold_int=\count372
\l__siunitx_number_upper_threshold_int=\count373
\l__siunitx_number_group_first_int=\count374
\l__siunitx_number_group_size_int=\count375
\l__siunitx_number_group_minimum_int=\count376
\l__siunitx_angle_tmp_dim=\dimen348
\l__siunitx_angle_marker_box=\box83
\l__siunitx_angle_unit_box=\box84
\l__siunitx_compound_count_int=\count377
 (d:/software/texlive/texlive/2024/texmf-dist/tex/latex/translations/translations.sty
Package: translations 2022/02/05 v1.12 internationalization of LaTeX2e packages (CN)
 (d:/software/texlive/texlive/2024/texmf-dist/tex/generic/pdftexcmds/pdftexcmds.sty
Package: pdftexcmds 2020-06-27 v0.33 Utility functions of pdfTeX for LuaTeX (HO)
Package pdftexcmds Info: \pdf@primitive is available.
Package pdftexcmds Info: \pdf@ifprimitive is available.
Package pdftexcmds Info: \pdfdraftmode not found.
))
\l__siunitx_table_tmp_box=\box85
\l__siunitx_table_tmp_dim=\dimen349
\l__siunitx_table_column_width_dim=\dimen350
\l__siunitx_table_integer_box=\box86
\l__siunitx_table_decimal_box=\box87
\l__siunitx_table_uncert_box=\box88
\l__siunitx_table_before_box=\box89
\l__siunitx_table_after_box=\box90
\l__siunitx_table_before_dim=\dimen351
\l__siunitx_table_carry_dim=\dimen352
\l__siunitx_unit_tmp_int=\count378
\l__siunitx_unit_position_int=\count379
\l__siunitx_unit_total_int=\count380
)

Package siunitx Info: Option "separate-uncertainty" has been deprecated in
(siunitx)             this release.
(siunitx)             
(siunitx)             Use "uncertainty-mode = separate" as a replacement.

 (d:/software/texlive/texlive/2024/texmf-dist/tex/latex/algorithms/algorithmic.sty
Invalid UTF-8 byte or sequence at line 11 replaced by U+FFFD.
Package: algorithmic 2009/08/24 v0.1 Document Style `algorithmic'
\c@ALC@unique=\count381
\c@ALC@line=\count382
\c@ALC@rem=\count383
\c@ALC@depth=\count384
\ALC@tlm=\skip84
\algorithmicindent=\skip85
) (d:/software/texlive/texlive/2024/texmf-dist/tex/latex/adjustbox/adjustbox.sty
Package: adjustbox 2022/10/17 v1.3a Adjusting TeX boxes (trim, clip, ...)
 (d:/software/texlive/texlive/2024/texmf-dist/tex/latex/xkeyval/xkeyval.sty
Package: xkeyval 2022/06/16 v2.9 package option processing (HA)
 (d:/software/texlive/texlive/2024/texmf-dist/tex/generic/xkeyval/xkeyval.tex
(d:/software/texlive/texlive/2024/texmf-dist/tex/generic/xkeyval/xkvutils.tex
\XKV@toks=\toks49
\XKV@tempa@toks=\toks50
)
\XKV@depth=\count385
File: xkeyval.tex 2014/12/03 v2.7a key=value parser (HA)
)) (d:/software/texlive/texlive/2024/texmf-dist/tex/latex/adjustbox/adjcalc.sty
Package: adjcalc 2012/05/16 v1.1 Provides advanced setlength with multiple back-ends (calc, etex, pgfmath)
) (d:/software/texlive/texlive/2024/texmf-dist/tex/latex/adjustbox/trimclip.sty
Package: trimclip 2020/08/19 v1.2 Trim and clip general TeX material
 (d:/software/texlive/texlive/2024/texmf-dist/tex/latex/collectbox/collectbox.sty
Package: collectbox 2022/10/17 v0.4c Collect macro arguments as boxes
\collectedbox=\box91
)
\tc@llx=\dimen353
\tc@lly=\dimen354
\tc@urx=\dimen355
\tc@ury=\dimen356
Package trimclip Info: Using driver 'tc-xetex.def'.
 (d:/software/texlive/texlive/2024/texmf-dist/tex/latex/adjustbox/tc-xetex.def
File: tc-xetex.def 2019/01/04 v2.2 Clipping driver for xetex
))
\adjbox@Width=\dimen357
\adjbox@Height=\dimen358
\adjbox@Depth=\dimen359
\adjbox@Totalheight=\dimen360
\adjbox@pwidth=\dimen361
\adjbox@pheight=\dimen362
\adjbox@pdepth=\dimen363
\adjbox@ptotalheight=\dimen364
 (d:/software/texlive/texlive/2024/texmf-dist/tex/latex/ifoddpage/ifoddpage.sty
Package: ifoddpage 2022/10/18 v1.2 Conditionals for odd/even page detection
\c@checkoddpage=\count386
) (d:/software/texlive/texlive/2024/texmf-dist/tex/latex/varwidth/varwidth.sty
Package: varwidth 2009/03/30 ver 0.92;  Variable-width minipages
\@vwid@box=\box92
\sift@deathcycles=\count387
\@vwid@loff=\dimen365
\@vwid@roff=\dimen366
)) (d:/software/texlive/texlive/2024/texmf-dist/tex/latex/ntheorem/ntheorem.sty
Style `ntheorem', Version 1.33 <2011/08/15>
Package: ntheorem 2011/08/15 1.33
\theorem@style=\toks51
\theorem@@style=\toks52
\theorembodyfont=\toks53
\theoremnumbering=\toks54
\theorempreskipamount=\skip86
\theorempostskipamount=\skip87
\theoremframepreskipamount=\skip88
\theoremframepostskipamount=\skip89
\theoreminframepreskipamount=\skip90
\theoreminframepostskipamount=\skip91
\theorem@preskip=\toks55
\theorem@postskip=\toks56
\theorem@framepreskip=\toks57
\theorem@framepostskip=\toks58
\theorem@inframepreskip=\toks59
\theorem@inframepostskip=\toks60
\theoremindent=\dimen367
\theorem@indent=\dimen368
\theoremrightindent=\dimen369
\theorem@rightindent=\dimen370
\theoremheaderfont=\toks61
\theoremseparator=\toks62
\theoremprework=\toks63
\theorempostwork=\toks64
\theoremsymbol=\toks65
\qedsymbol=\toks66
\theoremkeyword=\toks67
\qedsymbol=\toks68
\thm@topsep=\skip92
\thm@topsepadd=\skip93
Package ntheorem Info: Option `thmmarks' loaded on input line 1175.
\c@endNonectr=\count388
\c@currNonectr=\count389
\mysavskip=\skip94
Package ntheorem Info: option `amsmath' handling for `thmmarks' loaded on input line 1175.
\thm@amstmpdepth=\dimen371
\tagwidth=\dimen372
)
\c@currproofctr=\count390
\c@endproofctr=\count391
\c@proof=\count392
\c@currassumptionctr=\count393
\c@endassumptionctr=\count394
\c@assumption=\count395
\c@currdefinitionctr=\count396
\c@enddefinitionctr=\count397
\c@definition=\count398
\c@currpropositionctr=\count399
\c@endpropositionctr=\count400
\c@proposition=\count401
\c@currlemmactr=\count402
\c@endlemmactr=\count403
\c@lemma=\count404
\c@currtheoremctr=\count405
\c@endtheoremctr=\count406
\c@theorem=\count407
\c@curraxiomctr=\count408
\c@endaxiomctr=\count409
\c@axiom=\count410
\c@currcorollaryctr=\count411
\c@endcorollaryctr=\count412
\c@corollary=\count413
\c@currexercisectr=\count414
\c@endexercisectr=\count415
\c@exercise=\count416
\c@currexamplectr=\count417
\c@endexamplectr=\count418
\c@example=\count419
\c@currremarkctr=\count420
\c@endremarkctr=\count421
\c@remark=\count422
\c@currproblemctr=\count423
\c@endproblemctr=\count424
\c@problem=\count425
\c@currconjecturectr=\count426
\c@endconjecturectr=\count427
\c@conjecture=\count428
 (d:/software/texlive/texlive/2024/texmf-dist/tex/latex/gbt7714/gbt7714.sty
Package: gbt7714 2022/10/03 v2.1.5 GB/T 7714 BibTeX Style
 (d:/software/texlive/texlive/2024/texmf-dist/tex/latex/natbib/natbib.sty
Package: natbib 2010/09/13 8.31b (PWD, AO)
\bibhang=\skip95
\bibsep=\skip96
LaTeX Info: Redefining \cite on input line 694.
\c@NAT@ctr=\count429
) (d:/software/texlive/texlive/2024/texmf-dist/tex/latex/bibunits/bibunits.sty
Package: bibunits 2004/05/12 v2.4 Multiple bibliographies in one document.
\@bibunitaux=\write4
\@bibunitauxcnt=\count430
)) (d:/software/texlive/texlive/2024/texmf-dist/tex/latex/hyperref/hyperref.sty
Package: hyperref 2024-07-10 v7.01j Hypertext links for LaTeX
 (d:/software/texlive/texlive/2024/texmf-dist/tex/generic/pdfescape/pdfescape.sty
Package: pdfescape 2019/12/09 v1.15 Implements pdfTeX's escape features (HO)
) (d:/software/texlive/texlive/2024/texmf-dist/tex/latex/hycolor/hycolor.sty
Package: hycolor 2020-01-27 v1.10 Color options for hyperref/bookmark (HO)
) (d:/software/texlive/texlive/2024/texmf-dist/tex/latex/hyperref/nameref.sty
Package: nameref 2023-11-26 v2.56 Cross-referencing by name of section
 (d:/software/texlive/texlive/2024/texmf-dist/tex/latex/refcount/refcount.sty
Package: refcount 2019/12/15 v3.6 Data extraction from label references (HO)
) (d:/software/texlive/texlive/2024/texmf-dist/tex/generic/gettitlestring/gettitlestring.sty
Package: gettitlestring 2019/12/15 v1.6 Cleanup title references (HO)
)
\c@section@level=\count431
) (d:/software/texlive/texlive/2024/texmf-dist/tex/generic/stringenc/stringenc.sty
Package: stringenc 2019/11/29 v1.12 Convert strings between diff. encodings (HO)
)
\@linkdim=\dimen373
\Hy@linkcounter=\count432
\Hy@pagecounter=\count433
 (d:/software/texlive/texlive/2024/texmf-dist/tex/latex/hyperref/pd1enc.def
File: pd1enc.def 2024-07-10 v7.01j Hyperref: PDFDocEncoding definition (HO)
) (d:/software/texlive/texlive/2024/texmf-dist/tex/generic/intcalc/intcalc.sty
Package: intcalc 2019/12/15 v1.3 Expandable calculations with integers (HO)
)
\Hy@SavedSpaceFactor=\count434
 (d:/software/texlive/texlive/2024/texmf-dist/tex/latex/hyperref/puenc.def
File: puenc.def 2024-07-10 v7.01j Hyperref: PDF Unicode definition (HO)
)
Package hyperref Info: Option `unicode' set `true' on input line 4040.
Package hyperref Info: Hyper figures OFF on input line 4157.
Package hyperref Info: Link nesting OFF on input line 4162.
Package hyperref Info: Hyper index ON on input line 4165.
Package hyperref Info: Plain pages OFF on input line 4172.
Package hyperref Info: Backreferencing OFF on input line 4177.
Package hyperref Info: Implicit mode ON; LaTeX internals redefined.
Package hyperref Info: Bookmarks ON on input line 4424.
\c@Hy@tempcnt=\count435
LaTeX Info: Redefining \url on input line 4763.
\XeTeXLinkMargin=\dimen374
 (d:/software/texlive/texlive/2024/texmf-dist/tex/generic/bitset/bitset.sty
Package: bitset 2019/12/09 v1.3 Handle bit-vector datatype (HO)
 (d:/software/texlive/texlive/2024/texmf-dist/tex/generic/bigintcalc/bigintcalc.sty
Package: bigintcalc 2019/12/15 v1.5 Expandable calculations on big integers (HO)
))
\Fld@menulength=\count436
\Field@Width=\dimen375
\Fld@charsize=\dimen376
Package hyperref Info: Hyper figures OFF on input line 6042.
Package hyperref Info: Link nesting OFF on input line 6047.
Package hyperref Info: Hyper index ON on input line 6050.
Package hyperref Info: backreferencing OFF on input line 6057.
Package hyperref Info: Link coloring OFF on input line 6062.
Package hyperref Info: Link coloring with OCG OFF on input line 6067.
Package hyperref Info: PDF/A mode OFF on input line 6072.
 (d:/software/texlive/texlive/2024/texmf-dist/tex/latex/base/atbegshi-ltx.sty
Package: atbegshi-ltx 2021/01/10 v1.0c Emulation of the original atbegshi
package with kernel methods
)
\Hy@abspage=\count437
\c@Item=\count438
\c@Hfootnote=\count439
)
Package hyperref Info: Driver (autodetected): hxetex.
 (d:/software/texlive/texlive/2024/texmf-dist/tex/latex/hyperref/hxetex.def
File: hxetex.def 2024-07-10 v7.01j Hyperref driver for XeTeX
\pdfm@box=\box93
\c@Hy@AnnotLevel=\count440
\HyField@AnnotCount=\count441
\Fld@listcount=\count442
\c@bookmark@seq@number=\count443
 (d:/software/texlive/texlive/2024/texmf-dist/tex/latex/rerunfilecheck/rerunfilecheck.sty
Package: rerunfilecheck 2022-07-10 v1.10 Rerun checks for auxiliary files (HO)
 (d:/software/texlive/texlive/2024/texmf-dist/tex/latex/base/atveryend-ltx.sty
Package: atveryend-ltx 2020/08/19 v1.0a Emulation of the original atveryend package
with kernel methods
) (d:/software/texlive/texlive/2024/texmf-dist/tex/generic/uniquecounter/uniquecounter.sty
Package: uniquecounter 2019/12/15 v1.4 Provide unlimited unique counter (HO)
)
Package uniquecounter Info: New unique counter `rerunfilecheck' on input line 285.
)
\Hy@SectionHShift=\skip97
)
Package hyperref Info: Option `bookmarksnumbered' set `true' on input line 143.
Package hyperref Info: Option `bookmarksopen' set `true' on input line 143.
Package hyperref Info: Option `unicode' set `true' on input line 143.
Package hyperref Info: Option `psdextra' set `true' on input line 143.
 (d:/software/texlive/texlive/2024/texmf-dist/tex/latex/hyperref/psdextra.def
File: psdextra.def 2024-07-10 v7.01j Hyperref: Additions to PDF string support
)
Package hyperref Info: Option `breaklinks' set `true' on input line 143.
Package hyperref Info: Option `plainpages' set `false' on input line 143.
Package hyperref Info: Option `pdfdisplaydoctitle' set `true' on input line 143.
\c@thu@bookmark=\count444
 (d:/software/texlive/texlive/2024/texmf-dist/tex/latex/ragged2e/ragged2e.sty
Package: ragged2e 2023/06/22 v3.6 ragged2e Package
\CenteringLeftskip=\skip98
\RaggedLeftLeftskip=\skip99
\RaggedRightLeftskip=\skip100
\CenteringRightskip=\skip101
\RaggedLeftRightskip=\skip102
\RaggedRightRightskip=\skip103
\CenteringParfillskip=\skip104
\RaggedLeftParfillskip=\skip105
\RaggedRightParfillskip=\skip106
\JustifyingParfillskip=\skip107
\CenteringParindent=\skip108
\RaggedLeftParindent=\skip109
\RaggedRightParindent=\skip110
\JustifyingParindent=\skip111
) (d:/software/texlive/texlive/2024/texmf-dist/tex/latex/tools/tabularx.sty
Package: tabularx 2023/12/11 v2.12a `tabularx' package (DPC)
\TX@col@width=\dimen377
\TX@old@table=\dimen378
\TX@old@col=\dimen379
\TX@target=\dimen380
\TX@delta=\dimen381
\TX@cols=\count445
\TX@ftn=\toks69
) (d:/software/texlive/texlive/2024/texmf-dist/tex/latex/tools/longtable.sty
Package: longtable 2024-04-26 v4.20 Multi-page Table package (DPC)
\LTleft=\skip112
\LTright=\skip113
\LTpre=\skip114
\LTpost=\skip115
\LTchunksize=\count446
\LTcapwidth=\dimen382
\LT@head=\box94
\LT@firsthead=\box95
\LT@foot=\box96
\LT@lastfoot=\box97
\LT@gbox=\box98
\LT@cols=\count447
\LT@rows=\count448
\c@LT@tables=\count449
\c@LT@chunks=\count450
\LT@p@ftn=\toks70
) (d:/software/texlive/texlive/2024/texmf-dist/tex/latex/float/float.sty
Package: float 2001/11/08 v1.3d Float enhancements (AL)
\c@float@type=\count451
\float@exts=\toks71
\float@box=\box99
\@float@everytoks=\toks72
\@floatcapt=\box100
) (d:/software/texlive/texlive/2024/texmf-dist/tex/latex/listings/listings.sty
\lst@mode=\count452
\lst@gtempboxa=\box101
\lst@token=\toks73
\lst@length=\count453
\lst@currlwidth=\dimen383
\lst@column=\count454
\lst@pos=\count455
\lst@lostspace=\dimen384
\lst@width=\dimen385
\lst@newlines=\count456
\lst@lineno=\count457
\lst@maxwidth=\dimen386
 (d:/software/texlive/texlive/2024/texmf-dist/tex/latex/listings/lstpatch.sty
File: lstpatch.sty 2024/09/23 1.10c (Carsten Heinz)
) (d:/software/texlive/texlive/2024/texmf-dist/tex/latex/listings/lstmisc.sty
File: lstmisc.sty 2024/09/23 1.10c (Carsten Heinz)
\c@lstnumber=\count458
\lst@skipnumbers=\count459
\lst@framebox=\box102
) (d:/software/texlive/texlive/2024/texmf-dist/tex/latex/listings/listings.cfg
File: listings.cfg 2024/09/23 1.10c listings configuration
))
Package: listings 2024/09/23 1.10c (Carsten Heinz)
 (d:/software/texlive/texlive/2024/texmf-dist/tex/xelatex/xecjk/xeCJK-listings.sty
Package: xeCJK-listings 2022/08/05 v3.9.1 xeCJK patch file for listings
\l__xeCJK_listings_max_char_int=\count460
\l__xeCJK_listings_flag_int=\count461
) (d:/software/texlive/texlive/2024/texmf-dist/tex/latex/listings/lstlang1.sty
File: lstlang1.sty 2024/09/23 1.10c listings language file
) (d:/software/texlive/texlive/2024/texmf-dist/tex/latex/algorithm2e/algorithm2e.sty
Invalid UTF-8 byte or sequence at line 284 replaced by U+FFFD.
Invalid UTF-8 byte or sequence at line 299 replaced by U+FFFD.
Invalid UTF-8 byte or sequence at line 550 replaced by U+FFFD.
Package: algorithm2e 2017/07/18 v5.2 algorithms environments
\c@AlgoLine=\count462
\algocf@hangindent=\skip116
 (d:/software/texlive/texlive/2024/texmf-dist/tex/latex/tools/xspace.sty
Package: xspace 2014/10/28 v1.13 Space after command names (DPC,MH)
) (d:/software/texlive/texlive/2024/texmf-dist/tex/latex/relsize/relsize.sty
Package: relsize 2013/03/29 ver 4.1
)
\skiptotal=\skip117
\skiplinenumber=\skip118
\skiprule=\skip119
\skiphlne=\skip120
\skiptext=\skip121
\skiplength=\skip122
\algomargin=\skip123
\skipalgocfslide=\skip124
\algowidth=\dimen387
\inoutsize=\dimen388
\inoutindent=\dimen389
\interspacetitleruled=\dimen390
\interspacealgoruled=\dimen391
\interspacetitleboxruled=\dimen392
\algocf@ruledwidth=\skip125
\algocf@inoutbox=\box103
\algocf@inputbox=\box104
\AlCapSkip=\skip126
\AlCapHSkip=\skip127
\algoskipindent=\skip128
\algocf@nlbox=\box105
\algocf@hangingbox=\box106
\algocf@untilbox=\box107
\algocf@skipuntil=\skip129
\algocf@capbox=\box108
\algocf@lcaptionbox=\skip130
\algoheightruledefault=\skip131
\algoheightrule=\skip132
\algotitleheightruledefault=\skip133
\algotitleheightrule=\skip134
\c@algocfline=\count463
\c@algocfproc=\count464
\c@algocf=\count465
\algocf@algoframe=\box109
\algocf@algobox=\box110
)
\c@savedcount=\count466
)
Package translations Info: No language package found. I am going to use `english' as default language. on input line 31.
 (./tg.aux (./bu.aux))
\openout1 = `tg.aux'.

LaTeX Font Info:    Checking defaults for OML/cmm/m/it on input line 31.
LaTeX Font Info:    ... okay on input line 31.
LaTeX Font Info:    Checking defaults for OMS/cmsy/m/n on input line 31.
LaTeX Font Info:    ... okay on input line 31.
LaTeX Font Info:    Checking defaults for OT1/cmr/m/n on input line 31.
LaTeX Font Info:    ... okay on input line 31.
LaTeX Font Info:    Checking defaults for T1/cmr/m/n on input line 31.
LaTeX Font Info:    ... okay on input line 31.
LaTeX Font Info:    Checking defaults for TS1/cmr/m/n on input line 31.
LaTeX Font Info:    ... okay on input line 31.
LaTeX Font Info:    Checking defaults for TU/lmr/m/n on input line 31.
LaTeX Font Info:    ... okay on input line 31.
LaTeX Font Info:    Checking defaults for OMX/cmex/m/n on input line 31.
LaTeX Font Info:    ... okay on input line 31.
LaTeX Font Info:    Checking defaults for U/cmr/m/n on input line 31.
LaTeX Font Info:    ... okay on input line 31.
LaTeX Font Info:    Checking defaults for PD1/pdf/m/n on input line 31.
LaTeX Font Info:    ... okay on input line 31.
LaTeX Font Info:    Checking defaults for PU/pdf/m/n on input line 31.
LaTeX Font Info:    ... okay on input line 31.

*geometry* driver: auto-detecting
*geometry* detected driver: xetex
*geometry* verbose mode - [ preamble ] result:
* driver: xetex
* paper: a4paper
* layout: <same size as paper>
* layoutoffset:(h,v)=(0.0pt,0.0pt)
* modes: twoside 
* h-part:(L,W,R)=(85.35826pt, 426.79135pt, 85.35826pt)
* v-part:(T,H,B)=(85.35826pt, 674.33032pt, 85.35826pt)
* \paperwidth=597.50787pt
* \paperheight=845.04684pt
* \textwidth=426.79135pt
* \textheight=674.33032pt
* \oddsidemargin=13.08827pt
* \evensidemargin=13.08827pt
* \topmargin=-9.674pt
* \headheight=14.22636pt
* \headsep=8.5359pt
* \topskip=12.0pt
* \footskip=22.76228pt
* \marginparwidth=56.9055pt
* \marginparsep=14.22636pt
* \columnsep=10.0pt
* \skip\footins=10.8pt plus 4.0pt minus 2.0pt
* \hoffset=0.0pt
* \voffset=0.0pt
* \mag=1000
* \@twocolumnfalse
* \@twosidetrue
* \@mparswitchtrue
* \@reversemarginfalse
* (1in=72.27pt=25.4mm, 1cm=28.453pt)

LaTeX Font Info:    Encoding `OT1' has changed to `TU' for symbol font
(Font)              `operators' in the math version `normal' on input line 31.
LaTeX Font Info:    Overwriting symbol font `operators' in version `normal'
(Font)                  OT1/cmr/m/n --> TU/latinmodern-math.otf(1)/m/n on input line 31.
LaTeX Font Info:    Encoding `OT1' has changed to `TU' for symbol font
(Font)              `operators' in the math version `bold' on input line 31.
LaTeX Font Info:    Overwriting symbol font `operators' in version `bold'
(Font)                  OT1/cmr/bx/n --> TU/latinmodern-math.otf(1)/b/n on input line 31.
LaTeX Font Info:    Encoding `OMS' has changed to `TU' for symbol font
(Font)              `symbols' in the math version `normal' on input line 31.
LaTeX Font Info:    Overwriting symbol font `symbols' in version `normal'
(Font)                  OMS/cmsy/m/n --> TU/latinmodern-math.otf(2)/m/n on input line 31.
LaTeX Font Info:    Encoding `OMS' has changed to `TU' for symbol font
(Font)              `symbols' in the math version `bold' on input line 31.
LaTeX Font Info:    Overwriting symbol font `symbols' in version `bold'
(Font)                  OMS/cmsy/b/n --> TU/latinmodern-math.otf(2)/b/n on input line 31.
LaTeX Font Info:    Encoding `OMX' has changed to `TU' for symbol font
(Font)              `largesymbols' in the math version `normal' on input line 31.
LaTeX Font Info:    Overwriting symbol font `largesymbols' in version `normal'
(Font)                  OMX/cmex/m/n --> TU/latinmodern-math.otf(3)/m/n on input line 31.
LaTeX Font Info:    Encoding `OMX' has changed to `TU' for symbol font
(Font)              `largesymbols' in the math version `bold' on input line 31.
LaTeX Font Info:    Overwriting symbol font `largesymbols' in version `bold'
(Font)                  OMX/cmex/m/n --> TU/latinmodern-math.otf(3)/b/n on input line 31.
Package caption Info: Begin \AtBeginDocument code.
Package caption Info: float package is loaded.
Package caption Info: hyperref package is loaded.
Package caption Info: listings package is loaded.
Package caption Info: longtable package is loaded.
(d:/software/texlive/texlive/2024/texmf-dist/tex/latex/caption/ltcaption.sty
Package: ltcaption 2021/01/08 v1.4c longtable captions (AR)
)
Package caption Info: threeparttable package is loaded.
Package caption Info: End \AtBeginDocument code.
 (d:/software/texlive/texlive/2024/texmf-dist/tex/latex/pdflscape/pdflscape.sty
Package: pdflscape 2022-10-27 v0.13 Display of landscape pages in PDF
 (d:/software/texlive/texlive/2024/texmf-dist/tex/latex/pdflscape/pdflscape-nometadata.sty
Package: pdflscape-nometadata 2022-10-28 v0.13 Display of landscape pages in PDF (HO)
 (d:/software/texlive/texlive/2024/texmf-dist/tex/latex/graphics/lscape.sty
Package: lscape 2020/05/28 v3.02 Landscape Pages (DPC)
)
Package pdflscape Info: Auto-detected driver: dvipdfm (xetex) on input line 98.
))
LaTeX Font Info:    Overwriting symbol font `operators' in version `normal'
(Font)                  TU/latinmodern-math.otf(1)/m/n --> TU/CambriaMath.otf(1)/m/n on input line 31.
LaTeX Font Info:    Overwriting symbol font `operators' in version `bold'
(Font)                  TU/latinmodern-math.otf(1)/b/n --> TU/CambriaMath.otf(1)/b/n on input line 31.
LaTeX Font Info:    Overwriting symbol font `symbols' in version `normal'
(Font)                  TU/latinmodern-math.otf(2)/m/n --> TU/CambriaMath.otf(2)/m/n on input line 31.
LaTeX Font Info:    Overwriting symbol font `symbols' in version `bold'
(Font)                  TU/latinmodern-math.otf(2)/b/n --> TU/CambriaMath.otf(2)/b/n on input line 31.
LaTeX Font Info:    Overwriting symbol font `largesymbols' in version `normal'
(Font)                  TU/latinmodern-math.otf(3)/m/n --> TU/CambriaMath.otf(3)/m/n on input line 31.
LaTeX Font Info:    Overwriting symbol font `largesymbols' in version `bold'
(Font)                  TU/latinmodern-math.otf(3)/b/n --> TU/CambriaMath.otf(3)/b/n on input line 31.
LaTeX Info: Redefining \mathellipsis on input line 31.
 (d:/software/texlive/texlive/2024/texmf-dist/tex/latex/translations/translations-basic-dictionary-english.trsl
File: translations-basic-dictionary-english.trsl (english translation file `translations-basic-dictionary')
)
Package translations Info: loading dictionary `translations-basic-dictionary' for `english'. on input line 31.
Package hyperref Info: Link coloring OFF on input line 31.
 (./tg.out) (./tg.out)
\@outlinefile=\write5
\openout5 = `tg.out'.

\c@lstlisting=\count467
LaTeX Font Info:    Overwriting symbol font `operators' in version `normal'
(Font)                  TU/CambriaMath.otf(1)/m/n --> TU/CambriaMath.otf(1)/m/n on input line 31.
LaTeX Font Info:    Overwriting symbol font `operators' in version `bold'
(Font)                  TU/CambriaMath.otf(1)/b/n --> TU/CambriaMath.otf(1)/b/n on input line 31.
LaTeX Font Info:    Overwriting symbol font `symbols' in version `normal'
(Font)                  TU/CambriaMath.otf(2)/m/n --> TU/CambriaMath.otf(2)/m/n on input line 31.
LaTeX Font Info:    Overwriting symbol font `symbols' in version `bold'
(Font)                  TU/CambriaMath.otf(2)/b/n --> TU/CambriaMath.otf(2)/b/n on input line 31.
LaTeX Font Info:    Overwriting symbol font `largesymbols' in version `normal'
(Font)                  TU/CambriaMath.otf(3)/m/n --> TU/CambriaMath.otf(3)/m/n on input line 31.
LaTeX Font Info:    Overwriting symbol font `largesymbols' in version `bold'
(Font)                  TU/CambriaMath.otf(3)/b/n --> TU/CambriaMath.otf(3)/b/n on input line 31.
LaTeX Info: Redefining \mathellipsis on input line 31.
*geometry* verbose mode - [ newgeometry ] result:
* driver: xetex
* paper: a4paper
* layout: <same size as paper>
* layoutoffset:(h,v)=(0.0pt,0.0pt)
* modes: twoside 
* h-part:(L,W,R)=(85.35826pt, 426.79135pt, 85.35826pt)
* v-part:(T,H,B)=(142.26378pt, 617.4248pt, 85.35826pt)
* \paperwidth=597.50787pt
* \paperheight=845.04684pt
* \textwidth=426.79135pt
* \textheight=617.4248pt
* \oddsidemargin=13.08827pt
* \evensidemargin=13.08827pt
* \topmargin=47.23152pt
* \headheight=14.22636pt
* \headsep=8.5359pt
* \topskip=12.0pt
* \footskip=22.76228pt
* \marginparwidth=56.9055pt
* \marginparsep=14.22636pt
* \columnsep=10.0pt
* \skip\footins=10.8pt plus 4.0pt minus 2.0pt
* \hoffset=0.0pt
* \voffset=0.0pt
* \mag=1000
* \@twocolumnfalse
* \@twosidetrue
* \@mparswitchtrue
* \@reversemarginfalse
* (1in=72.27pt=25.4mm, 1cm=28.453pt)

LaTeX Font Info:    Font shape `TU/CambriaMath.otf(2)/m/n' will be
(Font)              scaled to size 18.06941pt on input line 35.
LaTeX Font Info:    Font shape `TU/CambriaMath.otf(2)/m/n' will be
(Font)              scaled to size 15.05785pt on input line 35.
LaTeX Font Info:    Font shape `TU/CambriaMath.otf(2)/m/n' will be
(Font)              scaled to size 12.04628pt on input line 35.
LaTeX Font Info:    Font shape `TU/CambriaMath.otf(3)/m/n' will be
(Font)              scaled to size 18.06555pt on input line 35.
LaTeX Font Info:    Font shape `TU/CambriaMath.otf(3)/m/n' will be
(Font)              scaled to size 15.05463pt on input line 35.
LaTeX Font Info:    Font shape `TU/CambriaMath.otf(3)/m/n' will be
(Font)              scaled to size 12.0437pt on input line 35.

Underfull \hbox (badness 10000) detected at line 35
\TU/SimSun.ttc(1)/m/n/18.06749 研 究 生
 []


Underfull \hbox (badness 10000) detected at line 35
\TU/SimSun.ttc(1)/m/n/18.06749 指 导 教 师
 []



[1


]
*geometry* verbose mode - [ newgeometry ] result:
* driver: xetex
* paper: a4paper
* layout: <same size as paper>
* layoutoffset:(h,v)=(0.0pt,0.0pt)
* modes: twoside 
* h-part:(L,W,R)=(85.35826pt, 426.79135pt, 85.35826pt)
* v-part:(T,H,B)=(85.35826pt, 674.33032pt, 85.35826pt)
* \paperwidth=597.50787pt
* \paperheight=845.04684pt
* \textwidth=426.79135pt
* \textheight=674.33032pt
* \oddsidemargin=13.08827pt
* \evensidemargin=13.08827pt
* \topmargin=-9.674pt
* \headheight=14.22636pt
* \headsep=8.5359pt
* \topskip=12.0pt
* \footskip=22.76228pt
* \marginparwidth=56.9055pt
* \marginparsep=14.22636pt
* \columnsep=10.0pt
* \skip\footins=10.8pt plus 4.0pt minus 2.0pt
* \hoffset=0.0pt
* \voffset=0.0pt
* \mag=1000
* \@twocolumnfalse
* \@twosidetrue
* \@mparswitchtrue
* \@reversemarginfalse
* (1in=72.27pt=25.4mm, 1cm=28.453pt)

LaTeX Font Info:    Font shape `TU/CambriaMath.otf(2)/m/n' will be
(Font)              scaled to size 8.79378pt on input line 35.
LaTeX Font Info:    Font shape `TU/CambriaMath.otf(2)/m/n' will be
(Font)              scaled to size 7.22777pt on input line 35.
LaTeX Font Info:    Font shape `TU/CambriaMath.otf(3)/m/n' will be
(Font)              scaled to size 8.7919pt on input line 35.
LaTeX Font Info:    Font shape `TU/CambriaMath.otf(3)/m/n' will be
(Font)              scaled to size 7.22623pt on input line 35.
LaTeX Font Info:    Font shape `TU/CambriaMath.otf(2)/m/n' will be
(Font)              scaled to size 14.05399pt on input line 35.
LaTeX Font Info:    Font shape `TU/CambriaMath.otf(2)/m/n' will be
(Font)              scaled to size 10.54048pt on input line 35.
LaTeX Font Info:    Font shape `TU/CambriaMath.otf(2)/m/n' will be
(Font)              scaled to size 7.52892pt on input line 35.
LaTeX Font Info:    Font shape `TU/CambriaMath.otf(3)/m/n' will be
(Font)              scaled to size 14.05098pt on input line 35.
LaTeX Font Info:    Font shape `TU/CambriaMath.otf(3)/m/n' will be
(Font)              scaled to size 10.53824pt on input line 35.
LaTeX Font Info:    Font shape `TU/CambriaMath.otf(3)/m/n' will be
(Font)              scaled to size 7.52731pt on input line 35.

Underfull \hbox (badness 10000) detected at line 35
\TU/SimHei.ttf(0)/m/n/14.05249 学 位 申 请 人
 []


Underfull \hbox (badness 10000) detected at line 35
\TU/SimHei.ttf(0)/m/n/14.05249 指 导 教 师
 []


Underfull \hbox (badness 10000) detected at line 35
\TU/SimHei.ttf(0)/m/n/14.05249 学 科 名 称
 []


Underfull \hbox (badness 10000) detected at line 35
\TU/SimHei.ttf(0)/m/n/14.05249 答 辩 日 期
 []


Underfull \hbox (badness 10000) detected at line 35
\TU/SimHei.ttf(0)/m/n/14.05249 培 养 单 位
 []



[2


]
*geometry* verbose mode - [ newgeometry ] result:
* driver: xetex
* paper: a4paper
* layout: <same size as paper>
* layoutoffset:(h,v)=(0.0pt,0.0pt)
* modes: twoside 
* h-part:(L,W,R)=(85.35826pt, 426.79135pt, 85.35826pt)
* v-part:(T,H,B)=(85.35826pt, 674.33032pt, 85.35826pt)
* \paperwidth=597.50787pt
* \paperheight=845.04684pt
* \textwidth=426.79135pt
* \textheight=674.33032pt
* \oddsidemargin=13.08827pt
* \evensidemargin=13.08827pt
* \topmargin=-9.674pt
* \headheight=14.22636pt
* \headsep=8.5359pt
* \topskip=12.0pt
* \footskip=22.76228pt
* \marginparwidth=56.9055pt
* \marginparsep=14.22636pt
* \columnsep=10.0pt
* \skip\footins=10.8pt plus 4.0pt minus 2.0pt
* \hoffset=0.0pt
* \voffset=0.0pt
* \mag=1000
* \@twocolumnfalse
* \@twosidetrue
* \@mparswitchtrue
* \@reversemarginfalse
* (1in=72.27pt=25.4mm, 1cm=28.453pt)


Overfull \hbox (3.11972pt too wide) in paragraph at lines 35--35
[]|[]| 
 []



[3




] (./tg.toc)
\tf@toc=\write6
\openout6 = `tg.toc'.



[1









] (./section/sec_background.tex
第1章


[1


]

[2]

[3]

[4]

[5]

[6]

[7]
File: figures/tec_ways.pdf Graphic file (type pdf)
<use figures/tec_ways.pdf>


LaTeX Warning: Reference `fig:roadmap' on page 8 undefined on input line 152.



[8]) (./section/sec_convergence.tex

[9]
第2章

LaTeX Warning: Reference `fig:sfl' on page 10 undefined on input line 66.

File: figures/splitfed.pdf Graphic file (type pdf)
<use figures/splitfed.pdf>


[10

]

[11]

[12]

LaTeX Warning: Reference `eq:c-agg' on page 13 undefined on input line 163.


Package natbib Warning: Citation `b8' on page 13 undefined on input line 185.


LaTeX Warning: Reference `subsec:sfl math back' on page 13 undefined on input line 190.


LaTeX Warning: Reference `subsec:training' on page 13 undefined on input line 190.


LaTeX Warning: Reference `Objective of SFL' on page 13 undefined on input line 190.


Package natbib Warning: Citation `b4' on page 13 undefined on input line 198.


Package natbib Warning: Citation `b11' on page 13 undefined on input line 198.


Package natbib Warning: Citation `b8' on page 13 undefined on input line 198.


LaTeX Warning: Reference `eq:exp-fn' on page 13 undefined on input line 198.



[13]
Package hyperref Info: bookmark level for unknown assumption defaults to 0 on input line 200.


LaTeX Warning: Reference `Objective of SFL' on page 14 undefined on input line 232.


Package natbib Warning: Citation `b8' on page 14 undefined on input line 234.

Package hyperref Info: bookmark level for unknown lemma defaults to 0 on input line 234.

LaTeX Warning: Reference `app:lemma1' on page 14 undefined on input line 240.



[14]

LaTeX Warning: Reference `app:lemma2' on page 15 undefined on input line 269.


LaTeX Warning: Reference `eq:gradient-variance' on page 15 undefined on input line 274.


LaTeX Warning: Reference `eq:gradient' on page 15 undefined on input line 274.


Underfull \hbox (badness 10000) detected at line 291
 []$[]  [][] [] [] [][] [] [] [] [] [][][][][] [] []$ [][][]  
 []



[15]

LaTeX Warning: Reference `app:lemma3' on page 16 undefined on input line 294.

Package hyperref Info: bookmark level for unknown proposition defaults to 0 on input line 298.

LaTeX Warning: Reference `ass:gradient-variance' on page 16 undefined on input line 299.


LaTeX Warning: Reference `ass:gradient' on page 16 undefined on input line 313.


LaTeX Warning: Reference `prop:variance-g mse' on page 16 undefined on input line 324.


LaTeX Warning: Reference `prp:square-g mse' on page 16 undefined on input line 324.


LaTeX Warning: Reference `app:pro1' on page 16 undefined on input line 324.


LaTeX Warning: Reference `app:pro2' on page 16 undefined on input line 324.


Package natbib Warning: Citation `b8' on page 16 undefined on input line 330.

Package hyperref Info: bookmark level for unknown theorem defaults to 0 on input line 337.

LaTeX Warning: Reference `ass:gradient-variance' on page 16 undefined on input line 341.


LaTeX Warning: Reference `ass:smooth' on page 16 undefined on input line 341.


Overfull \hbox (6.76425pt too wide) detected at line 349
[][]
 []



[16]

LaTeX Warning: Reference `ass:gradient-variance' on page 17 undefined on input line 351.


LaTeX Warning: Reference `ass:smooth' on page 17 undefined on input line 351.


Underfull \hbox (badness 10000) in paragraph at lines 351--354
\TU/SimSun.ttc(0)/b/n/12.045 非 凸 情 形 下\TU/TimesNewRoman(0)/m/n/12.045 : \TU/SimSun.ttc(0)/m/n/12.045 在 假 设 []\TU/TimesNewRoman(0)/m/n/12.045 –[] \TU/SimSun.ttc(0)/m/n/12.045 以 及 均 方 差 损 失 函 数 下，|  若 $[][] []
 []


LaTeX Warning: Reference `ass:gradient-variance' on page 17 undefined on input line 367.


LaTeX Warning: Reference `ass:smooth' on page 17 undefined on input line 367.


LaTeX Warning: Reference `eq:mse' on page 17 undefined on input line 367.


LaTeX Warning: Reference `ass:gradient-variance' on page 17 undefined on input line 377.


LaTeX Warning: Reference `ass:smooth' on page 17 undefined on input line 377.


LaTeX Warning: Reference `eq:mse' on page 17 undefined on input line 377.



[17]

[18]

LaTeX Warning: Reference `app:lemma4' on page 19 undefined on input line 432.


LaTeX Warning: Reference `eq:gradient-variance' on page 19 undefined on input line 436.


LaTeX Warning: Reference `eq:gradient' on page 19 undefined on input line 436.


Overfull \hbox (29.55525pt too wide) detected at line 450
 []$[]  [][] [] [] [][] [] [] [] [] [][] []$ []  
 []


LaTeX Warning: Reference `app:lemma5' on page 19 undefined on input line 452.


LaTeX Warning: Reference `ass:gradient-variance' on page 19 undefined on input line 466.



[19]

LaTeX Warning: Reference `ass:gradient' on page 20 undefined on input line 477.


Underfull \hbox (badness 10000) in paragraph at lines 477--478
[][]\TU/SimSun.ttc(0)/m/n/12.045 在 假 设
 []


LaTeX Warning: Reference `prop:variance-g ce' on page 20 undefined on input line 487.


LaTeX Warning: Reference `prp:square-g ce' on page 20 undefined on input line 487.


LaTeX Warning: Reference `app:pro3' on page 20 undefined on input line 487.


LaTeX Warning: Reference `app:pro4' on page 20 undefined on input line 487.


LaTeX Warning: Reference `ass:gradient-variance' on page 20 undefined on input line 498.


LaTeX Warning: Reference `ass:smooth' on page 20 undefined on input line 498.


Overfull \hbox (6.76425pt too wide) detected at line 506
[][]
 []


LaTeX Warning: Reference `ass:gradient-variance' on page 20 undefined on input line 508.


LaTeX Warning: Reference `ass:smooth' on page 20 undefined on input line 508.


Underfull \hbox (badness 5091) in paragraph at lines 508--511
\TU/SimSun.ttc(0)/b/n/12.045 非 凸 情 形 下\TU/TimesNewRoman(0)/m/n/12.045 : \TU/SimSun.ttc(0)/m/n/12.045 在 假 设 []\TU/TimesNewRoman(0)/m/n/12.045 –[] \TU/SimSun.ttc(0)/m/n/12.045 以 及 \TU/TimesNewRoman(0)/m/n/12.045 Cross-Entropy \TU/SimSun.ttc(0)/m/n/12.045 损 失 函 数 下，|  若 $[][] []
 []



[20]

LaTeX Warning: Reference `ass:gradient-variance' on page 21 undefined on input line 524.


LaTeX Warning: Reference `ass:smooth' on page 21 undefined on input line 524.


LaTeX Warning: Reference `ass:gradient-variance' on page 21 undefined on input line 534.


LaTeX Warning: Reference `ass:smooth' on page 21 undefined on input line 534.


Underfull \hbox (badness 5091) in paragraph at lines 534--538
\TU/SimSun.ttc(0)/b/n/12.045 非 凸 情 形 下\TU/TimesNewRoman(0)/m/n/12.045 : \TU/SimSun.ttc(0)/m/n/12.045 在 假 设 []\TU/TimesNewRoman(0)/m/n/12.045 –[] \TU/SimSun.ttc(0)/m/n/12.045 以 及 \TU/TimesNewRoman(0)/m/n/12.045 Cross-Entropy \TU/SimSun.ttc(0)/m/n/12.045 损 失 函 数 下，|  若 $[][] []
 []



[21]

LaTeX Warning: Reference `subsec:hyper-con' on page 22 undefined on input line 563.


LaTeX Warning: Reference `subsec:noniid-con' on page 22 undefined on input line 563.


LaTeX Warning: Reference `subsec:noise-con' on page 22 undefined on input line 563.

File: figures//cifar10/sfl-v1/E.pdf Graphic file (type pdf)
<use figures//cifar10/sfl-v1/E.pdf>
File: figures//cifar10/sfl-v2/E.pdf Graphic file (type pdf)
<use figures//cifar10/sfl-v2/E.pdf>
File: figures//cifar100/sfl-v1/E.pdf Graphic file (type pdf)
<use figures//cifar100/sfl-v1/E.pdf>
File: figures//cifar100/sfl-v2/E.pdf Graphic file (type pdf)
<use figures//cifar100/sfl-v2/E.pdf>
File: figures//cifar10/sfl-v1/N.pdf Graphic file (type pdf)
<use figures//cifar10/sfl-v1/N.pdf>
File: figures//cifar10/sfl-v2/N.pdf Graphic file (type pdf)
<use figures//cifar10/sfl-v2/N.pdf>
File: figures//cifar100/sfl-v1/N.pdf Graphic file (type pdf)
<use figures//cifar100/sfl-v1/N.pdf>
File: figures//cifar100/sfl-v2/N.pdf Graphic file (type pdf)
<use figures//cifar100/sfl-v2/N.pdf>
LaTeX Font Info:    Calculating math sizes for size <11.04124> on input line 593.
LaTeX Font Info:    Font shape `TU/CambriaMath.otf(2)/m/n' will be
(Font)              scaled to size 11.04242pt on input line 593.
LaTeX Font Info:    Font shape `TU/CambriaMath.otf(2)/m/n' will be
(Font)              scaled to size 7.72966pt on input line 593.
LaTeX Font Info:    Font shape `TU/CambriaMath.otf(2)/m/n' will be
(Font)              scaled to size 5.5212pt on input line 593.
LaTeX Font Info:    Font shape `TU/CambriaMath.otf(3)/m/n' will be
(Font)              scaled to size 11.04005pt on input line 593.
LaTeX Font Info:    Font shape `TU/CambriaMath.otf(3)/m/n' will be
(Font)              scaled to size 7.728pt on input line 593.
LaTeX Font Info:    Font shape `TU/CambriaMath.otf(3)/m/n' will be
(Font)              scaled to size 5.52002pt on input line 593.

LaTeX Warning: Reference `fig:compare-E' on page 22 undefined on input line 598.



[22]

[23]

LaTeX Warning: Reference `fig:compare-N' on page 24 undefined on input line 600.

File: figures//cifar10/sfl-v1/beta.pdf Graphic file (type pdf)
<use figures//cifar10/sfl-v1/beta.pdf>
File: figures//cifar10/sfl-v2/beta.pdf Graphic file (type pdf)
<use figures//cifar10/sfl-v2/beta.pdf>
File: figures//cifar100/sfl-v1/beta.pdf Graphic file (type pdf)
<use figures//cifar100/sfl-v1/beta.pdf>
File: figures//cifar100/sfl-v2/beta.pdf Graphic file (type pdf)
<use figures//cifar100/sfl-v2/beta.pdf>

LaTeX Warning: Reference `fig:cifar10-noniid-con' on page 24 undefined on input line 633.



[24]
File: figures//cifar10/v2_cifar10_noniidi_NoiseClient0.6_n=100.pdf Graphic file (type pdf)
<use figures//cifar10/v2_cifar10_noniidi_NoiseClient0.6_n=100.pdf>
File: figures//cifar10/sfl-v2/beta.pdf Graphic file (type pdf)
<use figures//cifar10/sfl-v2/beta.pdf>
File: figures//cifar100/sfl-v1/beta.pdf Graphic file (type pdf)
<use figures//cifar100/sfl-v1/beta.pdf>
File: figures//cifar100/sfl-v2/beta.pdf Graphic file (type pdf)
<use figures//cifar100/sfl-v2/beta.pdf>
File: figures//cifar10/v2_cifar10_noniidi_NoiseClient0.6_n=100.pdf Graphic file (type pdf)
<use figures//cifar10/v2_cifar10_noniidi_NoiseClient0.6_n=100.pdf>
File: figures//cifar10/sfl-v2/beta.pdf Graphic file (type pdf)
<use figures//cifar10/sfl-v2/beta.pdf>
File: figures//cifar100/sfl-v1/beta.pdf Graphic file (type pdf)
<use figures//cifar100/sfl-v1/beta.pdf>
File: figures//cifar100/sfl-v2/beta.pdf Graphic file (type pdf)
<use figures//cifar100/sfl-v2/beta.pdf>
File: figures//cifar10/sfl-v1/beta.pdf Graphic file (type pdf)
<use figures//cifar10/sfl-v1/beta.pdf>
File: figures//cifar10/sfl-v2/beta.pdf Graphic file (type pdf)
<use figures//cifar10/sfl-v2/beta.pdf>
File: figures//cifar100/sfl-v1/beta.pdf Graphic file (type pdf)
<use figures//cifar100/sfl-v1/beta.pdf>
File: figures//cifar100/sfl-v2/beta.pdf Graphic file (type pdf)
<use figures//cifar100/sfl-v2/beta.pdf>
File: figures//cifar10/sfl-v1/beta.pdf Graphic file (type pdf)
<use figures//cifar10/sfl-v1/beta.pdf>
File: figures//cifar10/sfl-v2/beta.pdf Graphic file (type pdf)
<use figures//cifar10/sfl-v2/beta.pdf>
File: figures//cifar100/sfl-v1/beta.pdf Graphic file (type pdf)
<use figures//cifar100/sfl-v1/beta.pdf>
File: figures//cifar100/sfl-v2/beta.pdf Graphic file (type pdf)
<use figures//cifar100/sfl-v2/beta.pdf>


LaTeX Warning: Reference `theorem-v1-full-mse' on page 25 undefined on input line 705.


LaTeX Warning: Reference `theorem-v2-full-ce' on page 25 undefined on input line 705.



[25]

[26]

[27]

LaTeX Warning: Reference `fig:cifar10-noise-con-iid' on page 28 undefined on input line 711.


LaTeX Warning: Reference `fig:cifar10-noise-con-noniid' on page 28 undefined on input line 711.


LaTeX Warning: Reference `fig:cifar100-noise-con-iid' on page 28 undefined on input line 711.


LaTeX Warning: Reference `fig:cifar100-noise-con-noniid' on page 28 undefined on input line 711.


LaTeX Warning: Reference `theorem-v1-full-mse' on page 28 undefined on input line 718.


LaTeX Warning: Reference `theorem-v2-full-ce' on page 28 undefined on input line 718.

) (./section/sec_sflct.tex

[28]
第3章

Package natbib Warning: Citation `b9' on page 29 undefined on input line 5.


LaTeX Warning: Reference `subsec:training' on page 29 undefined on input line 20.


LaTeX Warning: Reference `subsec:training' on page 29 undefined on input line 24.


LaTeX Warning: Reference `subsec:training' on page 29 undefined on input line 26.


LaTeX Warning: Reference `subsec:training' on page 29 undefined on input line 36.


Overfull \hbox (24.09pt too wide) detected at line 39
[][] 
 []

File: figures/al.pdf Graphic file (type pdf)
<use figures/al.pdf>
File: figures/gamma.pdf Graphic file (type pdf)
<use figures/gamma.pdf>


[29

]

Package natbib Warning: Citation `b9' on page 30 undefined on input line 75.



[30]

Package natbib Warning: Citation `b9' on page 31 undefined on input line 79.


Package natbib Warning: Citation `amsaleg2015estimating' on page 31 undefined on input line 79.


Package natbib Warning: Citation `houle2013dimensionality' on page 31 undefined on input line 79.



[31]
File: figures/testbed.png Graphic file (type bmp)
<figures/testbed.png>


[32]
File: figures/testbed_chinese.pdf Graphic file (type pdf)
<use figures/testbed_chinese.pdf>
File: figures/time_chinese.pdf Graphic file (type pdf)
<use figures/time_chinese.pdf>


[33]

[34]

Package natbib Warning: Citation `b9' on page 35 undefined on input line 284.


Package natbib Warning: Citation `b9' on page 35 undefined on input line 284.


LaTeX Warning: Reference `fig:sfl' on page 35 undefined on input line 284.


LaTeX Warning: Reference `fig:sfl' on page 35 undefined on input line 284.



[35]

Package natbib Warning: Citation `patrini2017making' on page 36 undefined on input line 286.



[36]
File: figures/power_iid.pdf Graphic file (type pdf)
<use figures/power_iid.pdf>
File: figures/power_noniid.pdf Graphic file (type pdf)
<use figures/power_noniid.pdf>


[37]

LaTeX Warning: Reference `mnist energy' on page 38 undefined on input line 326.

) (./section/sec_bpfree.tex

[38]
第4章


[39

]

LaTeX Warning: Reference `alg:soul-sfl' on page 40 undefined on input line 49.



[40]

[41]

LaTeX Warning: Reference `eq:act_noise' on page 42 undefined on input line 87.


LaTeX Warning: Reference `eq:grad_sigma_act' on page 42 undefined on input line 87.


LaTeX Warning: Reference `eq:c-agg' on page 42 undefined on input line 105.


LaTeX Warning: Reference `eq:act_noise' on page 42 undefined on input line 120.


LaTeX Warning: Reference `eq:grad_sigma_act' on page 42 undefined on input line 120.


LaTeX Warning: Reference `eq:param_noise' on page 42 undefined on input line 123.


LaTeX Warning: Reference `eq:grad_sigma_act' on page 42 undefined on input line 123.


LaTeX Warning: Reference `eq:aggregation' on page 42 undefined on input line 127.


Overfull \hbox (24.09pt too wide) detected at line 131
[][] 
 []

File: figures/time2.pdf Graphic file (type pdf)
<use figures/time2.pdf>

LaTeX Warning: Reference `fig:time2' on page 42 undefined on input line 142.



[42]

LaTeX Warning: Reference `sec:computation' on page 43 undefined on input line 198.


LaTeX Warning: Reference `sec:memory' on page 43 undefined on input line 198.


LaTeX Warning: Reference `sec:communication' on page 43 undefined on input line 198.



[43]

Package natbib Warning: Citation `rumelhart1986learning' on page 44 undefined on input line 206.


Package natbib Warning: Citation `goodfellow2016deep' on page 44 undefined on input line 206.


Package natbib Warning: Citation `chen2016training' on page 44 undefined on input line 218.


Package natbib Warning: Citation `goodfellow2016deep' on page 44 undefined on input line 218.


Package natbib Warning: Citation `rhu2016vdnn' on page 44 undefined on input line 218.



[44]

[45]

LaTeX Warning: Reference `table:compare_accuracy' on page 46 undefined on input line 319.



[46]

LaTeX Warning: Reference `table:compare_memory' on page 47 undefined on input line 326.

) (./section/sec_sum.tex

[47]

[48]
第5章
)

[49

]

[50]
\openout4 = `bu.aux'.

 (./tg.bbl

[51



]

[52]) (./section/sec_app.tex

[53]
附录 A

LaTeX Warning: Reference `lemma:decomp' on page 54 undefined on input line 2.

Package hyperref Info: bookmark level for unknown proof defaults to 0 on input line 11.

LaTeX Warning: Reference `eq:decomposition2' on page 54 undefined on input line 29.


LaTeX Warning: Reference `eq:decomposition1' on page 54 undefined on input line 29.


LaTeX Warning: Reference `lem:mse' on page 54 undefined on input line 31.


LaTeX Warning: Reference `lem:msegra' on page 54 undefined on input line 48.


Underfull \hbox (badness 10000) detected at line 55
 []$[]  [][] [] [] [][] [] [] [] [] [][][][][] [] []$ [][]  
 []



[54

]
Overfull \hbox (10.09666pt too wide) detected at line 70
[][]
 []


LaTeX Warning: Reference `ass:gradient-variance' on page 55 undefined on input line 75.



[55]

LaTeX Warning: Reference `eq:lemma3' on page 56 undefined on input line 98.


LaTeX Warning: Reference `eq:proof-v1' on page 56 undefined on input line 106.


LaTeX Warning: Reference `eq:proof-v2' on page 56 undefined on input line 113.


LaTeX Warning: Reference `ass:gradient-variance' on page 56 undefined on input line 113.



[56]

LaTeX Warning: Reference `eq:proof-v3' on page 57 undefined on input line 122.


LaTeX Warning: Reference `eq:proof-v3' on page 57 undefined on input line 130.


LaTeX Warning: Reference `eq:proof-v2' on page 57 undefined on input line 130.


LaTeX Warning: Reference `ass:gradient' on page 57 undefined on input line 134.


LaTeX Warning: Reference `Gradient of clean loss' on page 57 undefined on input line 152.



[57]

LaTeX Warning: Reference `ass:gradient' on page 58 undefined on input line 160.

) (./section/sec_app2.tex

[58]
附录 B

LaTeX Warning: Reference `lem:cross' on page 59 undefined on input line 2.


LaTeX Warning: Reference `lem:cross' on page 59 undefined on input line 22.


Overfull \hbox (26.40874pt too wide) detected at line 26
 []$[]  [][] [] [] [][] [] [] [] [] [][] []$ []  
 []



[59

]

LaTeX Warning: Reference `ass:gradient-variance' on page 60 undefined on input line 43.


LaTeX Warning: Reference `eq:lamma5' on page 60 undefined on input line 65.



[60]

LaTeX Warning: Reference `eq:proof-b-v2' on page 61 undefined on input line 91.


LaTeX Warning: Reference `ass:gradient-variance' on page 61 undefined on input line 91.



[61]

LaTeX Warning: Reference `eq:proof-b-v3' on page 62 undefined on input line 136.


LaTeX Warning: Reference `eq:proof-b-v4' on page 62 undefined on input line 136.


LaTeX Warning: Reference `eq:proof-b-v2' on page 62 undefined on input line 136.



[62]

LaTeX Warning: Reference `ass:gradient' on page 63 undefined on input line 152.


LaTeX Warning: Reference `eq:lamma5' on page 63 undefined on input line 170.


Overfull \hbox (4.83937pt too wide) detected at line 186
 []$[] [] [][][][] []$ 
 []



[63]

LaTeX Warning: Reference `ass:gradient' on page 64 undefined on input line 188.


Overfull \hbox (5.84091pt too wide) detected at line 195
 []$[]  [][][][] []$ 
 []


LaTeX Warning: Reference `eq:proof-b-s2' on page 64 undefined on input line 205.


LaTeX Warning: Reference `eq:proof-b-s3' on page 64 undefined on input line 205.


LaTeX Warning: Reference `eq:proof-b-s1' on page 64 undefined on input line 205.

)
\tf@thm=\write7
\openout7 = `tg.thm'.



Package natbib Warning: There were undefined citations.



[64] (./tg.aux (./bu.aux))
 ***********
LaTeX2e <2024-06-01> patch level 2
L3 programming layer <2022/08/05>
 ***********


LaTeX Warning: There were undefined references.


LaTeX Warning: Label(s) may have changed. Rerun to get cross-references right.


Package rerunfilecheck Warning: File `tg.out' has changed.
(rerunfilecheck)                Rerun to get outlines right
(rerunfilecheck)                or use package `bookmark'.

Package rerunfilecheck Info: Checksums for `tg.out':
(rerunfilecheck)             Before: BECF9876DA385E211E7CC9EF7D33EBFA;2178
(rerunfilecheck)             After:  549430545AB2EA44CBE6EC96709EFAA8;12741.
 ) 
Here is how much of TeX's memory you used:
 45940 strings out of 474234
 991522 string characters out of 5738231
 1542188 words of memory out of 5000000
 67810 multiletter control sequences out of 15000+600000
 567238 words of font info for 186 fonts, out of 8000000 for 9000
 1350 hyphenation exceptions out of 8191
 106i,14n,137p,1432b,2685s stack positions out of 10000i,1000n,20000p,200000b,200000s

Output written on tg.pdf (68 pages).
