\BOOKMARK [-1][]{thuchapter.1.-1}{\376\377\227\142\124\021\137\002\147\204\145\160\143\156\116\016\215\104\156\220\123\327\226\120\127\072\146\157\166\204\122\006\122\162\000-\200\124\220\246\133\146\116\140\123\117\124\014\117\030\123\026\170\024\172\166}{}% 1
\BOOKMARK [0][]{thuchapter.2.0}{\376\377\166\356\137\125}{thuchapter.1.-1}% 2
\BOOKMARK [0][]{chapter.1}{\376\377\173\054\0001\172\340\000\040\176\352\213\272}{thuchapter.1.-1}% 3
\BOOKMARK [1][-]{section.1.1}{\376\377\0001\000.\0001\000\040\213\376\230\230\166\204\170\024\172\166\200\314\146\157\116\016\141\017\116\111}{chapter.1}% 4
\BOOKMARK [1][-]{section.1.2}{\376\377\0001\000.\0002\000\040\126\375\121\205\131\026\170\024\172\166\163\260\162\266\123\312\122\006\147\220}{chapter.1}% 5
\BOOKMARK [2][-]{subsection.1.2.1}{\376\377\0001\000.\0002\000.\0001\000\040\122\006\136\003\137\017\133\146\116\140\145\271\154\325\127\050\137\002\147\204\145\160\143\156\116\013\166\204\145\066\145\133\140\047\122\006\147\220}{section.1.2}% 6
\BOOKMARK [3][-]{subsubsection.1.2.1.1}{\376\377\0001\000.\0002\000.\0001\000.\0001\000\040\122\006\122\162\000-\200\124\220\246\133\146\116\140\166\204\145\066\145\133\140\047\122\006\147\220}{subsection.1.2.1}% 7
\BOOKMARK [3][-]{subsubsection.1.2.1.2}{\376\377\0001\000.\0002\000.\0001\000.\0002\000\040\133\371\150\007\173\176\126\152\130\360\124\214\227\136\162\354\172\313\124\014\122\006\136\003\145\160\143\156\121\167\147\011\234\201\150\322\140\047\166\204\122\006\122\162\000-\200\124\220\246\133\146\116\140\173\227\154\325}{subsection.1.2.1}% 8
\BOOKMARK [2][-]{subsection.1.2.2}{\376\377\0001\000.\0002\000.\0002\000\040\217\173\221\317\123\026\133\242\142\067\172\357\213\255\176\303\145\271\150\110\377\032\145\340\123\315\124\021\117\040\144\255\213\255\176\303\127\050\122\006\122\162\000-\200\124\220\246\133\146\116\140\116\055\166\204\136\224\165\050}{section.1.2}% 9
\BOOKMARK [0][]{chapter.2}{\376\377\173\054\0002\172\340\000\040\145\207\163\056\214\003\170\024}{thuchapter.1.-1}% 10
\BOOKMARK [1][-]{section.2.1}{\376\377\0002\000.\0001\000\040\122\006\122\162\000-\200\124\220\246\133\146\116\140\150\106\147\266\116\013\166\204\145\066\145\133\140\047\122\006\147\220}{chapter.2}% 11
\BOOKMARK [1][-]{section.2.2}{\376\377\0002\000.\0002\000\040\136\224\133\371\137\002\147\204\145\160\143\156\166\204\122\006\122\162\000-\200\124\220\246\133\146\116\140\173\227\154\325}{chapter.2}% 12
\BOOKMARK [1][-]{section.2.3}{\376\377\0002\000.\0003\000\040\117\116\137\000\225\000\166\204\213\255\176\303\145\271\154\325\377\032\145\340\123\315\124\021\117\040\144\255\213\255\176\303}{chapter.2}% 13
\BOOKMARK [0][]{chapter.3}{\376\377\173\054\0003\172\340\000\040\137\002\147\204\145\160\143\156\133\371\122\006\122\162\000-\200\124\220\246\133\146\116\140\166\204\137\161\124\315\116\345\123\312\117\030\123\026\145\271\150\110}{thuchapter.1.-1}% 14
\BOOKMARK [1][-]{section.3.1}{\376\377\0003\000.\0001\000\040\174\373\176\337\152\041\127\213\124\214\225\356\230\230\200\314\146\157}{chapter.3}% 15
\BOOKMARK [1][-]{section.3.2}{\376\377\0003\000.\0002\000\040\122\006\122\162\000-\200\124\220\246\133\146\116\140\213\255\176\303\217\307\172\013}{chapter.3}% 16
\BOOKMARK [1][-]{section.3.3}{\376\377\0003\000.\0003\000\040\122\006\122\162\000-\200\124\220\246\133\146\116\140\166\204\145\066\145\133\140\047\122\006\147\220}{chapter.3}% 17
\BOOKMARK [2][-]{subsection.3.3.1}{\376\377\0003\000.\0003\000.\0001\000\040\127\107\145\271\213\357\135\356\143\137\131\061\121\375\145\160}{section.3.3}% 18
\BOOKMARK [3][-]{subsubsection.3.3.1.1}{\376\377\0003\000.\0003\000.\0001\000.\0001\000\040\150\007\173\176\126\152\130\360\116\013\166\204\143\137\131\061\121\375\145\160}{subsection.3.3.1}% 19
\BOOKMARK [3][-]{subsubsection.3.3.1.2}{\376\377\0003\000.\0003\000.\0001\000.\0002\000\040\120\107\213\276\147\141\116\366}{subsection.3.3.1}% 20
\BOOKMARK [3][-]{subsubsection.3.3.1.3}{\376\377\0003\000.\0003\000.\0001\000.\0003\000\040\145\066\145\133\140\047\122\006\147\220}{subsection.3.3.1}% 21
\BOOKMARK [2][-]{subsection.3.3.2}{\376\377\0003\000.\0003\000.\0002\000\040\116\244\123\311\161\265\143\137\131\061\121\375\145\160}{section.3.3}% 22
\BOOKMARK [1][-]{section.3.4}{\376\377\0003\000.\0004\000\040\127\372\116\216\122\006\122\162\000-\200\124\220\246\133\146\116\140\166\204\234\201\150\322\140\047\173\227\154\325}{chapter.3}% 23
\BOOKMARK [2][-]{subsection.3.4.1}{\376\377\0003\000.\0004\000.\0001\000\040\173\227\154\325\213\276\213\241}{section.3.4}% 24
\BOOKMARK [2][-]{subsection.3.4.2}{\376\377\0003\000.\0004\000.\0002\000\040\150\021\203\223\155\076\155\113\213\325\136\163\123\360\166\204\133\236\163\260}{section.3.4}% 25
\BOOKMARK [1][-]{section.3.5}{\376\377\0003\000.\0005\000\040\133\236\232\214\220\350\122\006}{chapter.3}% 26
\BOOKMARK [2][-]{subsection.3.5.1}{\376\377\0003\000.\0005\000.\0001\000\040\122\006\122\162\000-\200\124\220\246\133\146\116\140\145\066\145\133\140\047\166\204\133\236\232\214\232\214\213\301}{section.3.5}% 27
\BOOKMARK [3][-]{subsubsection.3.5.1.1}{\376\377\0003\000.\0005\000.\0001\000.\0001\000\040\133\236\232\214\213\276\177\156}{subsection.3.5.1}% 28
\BOOKMARK [3][-]{subsubsection.3.5.1.2}{\376\377\0003\000.\0005\000.\0001\000.\0002\000\040\133\236\232\214\176\323\147\234}{subsection.3.5.1}% 29
\BOOKMARK [2][-]{subsection.3.5.2}{\376\377\0003\000.\0005\000.\0002\000\040\122\006\122\162\000-\200\124\220\246\133\146\116\140\234\201\150\322\140\047\173\227\154\325\166\204\133\236\232\214\232\214\213\301}{section.3.5}% 30
\BOOKMARK [3][-]{subsubsection.3.5.2.1}{\376\377\0003\000.\0005\000.\0002\000.\0001\000\040\133\236\232\214\213\276\177\156}{subsection.3.5.2}% 31
\BOOKMARK [2][-]{subsection.3.5.3}{\376\377\0003\000.\0005\000.\0003\000\040\000S\000F\000L\000-\000D\000C\000T\166\204\176\323\147\234}{section.3.5}% 32
\BOOKMARK [3][-]{subsubsection.3.5.3.1}{\376\377\0003\000.\0005\000.\0003\000.\0001\000\040\000S\000F\000L\000-\000D\000C\000T\127\050\155\113\213\325\136\163\123\360\116\012\166\204\200\375\200\027\176\323\147\234}{subsection.3.5.3}% 33
\BOOKMARK [0][]{chapter.4}{\376\377\173\054\0004\172\340\000\040\122\006\122\162\000-\200\124\220\246\133\146\116\140\116\055\217\173\221\317\123\026\133\242\142\067\172\357\213\255\176\303\145\271\150\110}{thuchapter.1.-1}% 34
\BOOKMARK [1][-]{section.4.1}{\376\377\0004\000.\0001\000\040\145\340\123\315\124\021\117\040\144\255\213\255\176\303\166\204\133\236\163\260}{chapter.4}% 35
\BOOKMARK [1][-]{section.4.2}{\376\377\0004\000.\0002\000\040\145\340\123\315\124\021\117\040\144\255\213\255\176\303\133\371\122\006\122\162\000-\200\124\220\246\133\146\116\140\166\204\140\047\200\375\143\320\123\107}{chapter.4}% 36
\BOOKMARK [1][-]{section.4.3}{\376\377\0004\000.\0003\000\040\133\236\232\214\176\323\147\234}{chapter.4}% 37
\BOOKMARK [1][-]{section.4.4}{\376\377\0004\000.\0004\000\040\147\052\147\145\170\024\172\166\213\241\122\022}{chapter.4}% 38
\BOOKMARK [0][]{chapter.5}{\376\377\173\054\0005\172\340\000\040\176\323\213\272\116\016\134\125\147\033}{thuchapter.1.-1}% 39
\BOOKMARK [0][]{section*.18}{\376\377\123\302\200\003\145\207\163\056}{thuchapter.1.-1}% 40
\BOOKMARK [0][]{appendix.A}{\376\377\226\104\137\125\000\040\000A\000\040}{thuchapter.1.-1}% 41
\BOOKMARK [1][-]{section.A.1}{\376\377\000A\000.\0001\000\040\127\107\145\271\135\356\143\137\131\061\116\013\124\053\150\007\173\176\126\152\130\360\166\204\226\217\147\072\150\257\136\246\166\204\145\271\135\356}{appendix.A}% 42
\BOOKMARK [1][-]{section.A.2}{\376\377\000A\000.\0002\000\040\127\107\145\271\135\356\143\137\131\061\116\013\124\053\150\007\173\176\126\152\130\360\166\204\226\217\147\072\150\257\136\246\166\204\136\163\145\271\166\204\147\037\147\033}{appendix.A}% 43
